#
# A fatal error has been detected by the Java Runtime Environment:
#
#  EXCEPTION_ACCESS_VIOLATION (0xc0000005) at pc=0x6cd35e25, pid=5508, tid=0x000041f4
#
# JRE version: Java(TM) SE Runtime Environment (8.0_181-b13) (build 1.8.0_181-b13)
# Java VM: Java HotSpot(TM) Client VM (25.181-b13 mixed mode windows-x86 )
# Problematic frame:
# V  [jvm.dll+0x85e25]
#
# Failed to write core dump. Minidumps are not enabled by default on client versions of Windows
#
# If you would like to submit a bug report, please visit:
#   http://bugreport.java.com/bugreport/crash.jsp
#

---------------  T H R E A D  ---------------

Current thread (0x165c3800):  JavaThread "Thread-4" [_thread_in_vm, id=16884, stack(0x17c20000,0x17c70000)]

siginfo: ExceptionCode=0xc0000005, reading address 0x00000038

Registers:
EAX=0x00000011, EBX=0x00000028, ECX=0x00000028, EDX=0x14aca8f8
ESP=0x17c6f564, EBP=0x17c6f598, ESI=0x165c4ed0, EDI=0x165c3800
EIP=0x6cd35e25, EFLAGS=0x00010202

Top of Stack: (sp=0x17c6f564)
0x17c6f564:   00d2dfb8 165c3800 00d2e660 010dca88
0x17c6f574:   01c6f598 6c8d29a9 165c3940 17c6f608
0x17c6f584:   00000028 165c3800 00000028 165c3800
0x17c6f594:   00000014 17c6f5cc 6cd36767 17c6f748
0x17c6f5a4:   00f15ef0 165c3800 00f163e0 165c3d74
0x17c6f5b4:   170e9600 00000001 165c3800 165c3800
0x17c6f5c4:   00f15ef0 165c3800 17c6f620 6cd371de
0x17c6f5d4:   17c6f748 165c3d74 170e9600 00f163e0 

Instructions: (pc=0x6cd35e25)
0x6cd35e05:   83 f8 fe 0f 85 0b ff ff ff 8d 45 0c 50 8d 4d f4
0x6cd35e15:   e8 e6 d5 f9 ff e9 44 ff ff ff 80 7d 20 00 74 78
0x6cd35e25:   8b 51 10 c1 ea 0a f6 c2 01 74 6d 8b 87 c0 00 00
0x6cd35e35:   00 8b 50 08 8b 35 5c ea 02 6d 89 55 dc 8b 50 0c 


Register to memory mapping:

EAX=0x00000011 is an unknown value
EBX=0x00000028 is an unknown value
ECX=0x00000028 is an unknown value
EDX=0x14aca8f8 is an unknown value
ESP=0x17c6f564 is pointing into the stack for thread: 0x165c3800
EBP=0x17c6f598 is pointing into the stack for thread: 0x165c3800
ESI=0x165c4ed0 is an unknown value
EDI=0x165c3800 is a thread


Stack: [0x17c20000,0x17c70000],  sp=0x17c6f564,  free space=317k
Native frames: (J=compiled Java code, j=interpreted, Vv=VM code, C=native code)
V  [jvm.dll+0x85e25]
V  [jvm.dll+0x86767]
V  [jvm.dll+0x871de]
V  [jvm.dll+0x87576]
V  [jvm.dll+0x82a67]
j  java.lang.Thread.dispatchUncaughtException(Ljava/lang/Throwable;)V+1
v  ~StubRoutines::call_stub
V  [jvm.dll+0x15c065]
V  [jvm.dll+0x223ade]
V  [jvm.dll+0x15c0fe]
V  [jvm.dll+0x15c286]
V  [jvm.dll+0x15c36f]
V  [jvm.dll+0x17e9a5]
V  [jvm.dll+0x17f298]
V  [jvm.dll+0x17fafa]
V  [jvm.dll+0x1c5416]
C  [msvcr100.dll+0x5c556]
C  [msvcr100.dll+0x5c600]
C  [KERNEL32.DLL+0x18484]
C  [ntdll.dll+0x6305a]
C  [ntdll.dll+0x6302a]
C  0x00000000

Java frames: (J=compiled Java code, j=interpreted, Vv=VM code)
j  java.lang.Thread.dispatchUncaughtException(Ljava/lang/Throwable;)V+1
v  ~StubRoutines::call_stub

---------------  P R O C E S S  ---------------

Java Threads: ( => current thread )
  0x00cdd000 JavaThread "DestroyJavaVM" [_thread_blocked, id=20808, stack(0x00b90000,0x00be0000)]
  0x165e5400 JavaThread "Thread-7" [_thread_in_native, id=24560, stack(0x17ed0000,0x17f20000)]
  0x165e2c00 JavaThread "Thread-6" [_thread_in_native, id=14236, stack(0x17d40000,0x17d90000)]
=>0x165c3800 JavaThread "Thread-4" [_thread_in_vm, id=16884, stack(0x17c20000,0x17c70000)]
  0x165c3000 JavaThread "Thread-3" [_thread_in_native, id=9676, stack(0x17350000,0x173a0000)]
  0x14bdb000 JavaThread "AWT-EventQueue-0" [_thread_blocked, id=16004, stack(0x16520000,0x16570000)]
  0x14b9f000 JavaThread "AWT-Windows" daemon [_thread_in_native, id=7608, stack(0x15180000,0x151d0000)]
  0x14b9e000 JavaThread "AWT-Shutdown" [_thread_blocked, id=16716, stack(0x150f0000,0x15140000)]
  0x14b9d400 JavaThread "Java2D Disposer" daemon [_thread_blocked, id=18464, stack(0x15060000,0x150b0000)]
  0x14a51000 JavaThread "Service Thread" daemon [_thread_blocked, id=2148, stack(0x14e50000,0x14ea0000)]
  0x14a3b400 JavaThread "C1 CompilerThread0" daemon [_thread_blocked, id=22868, stack(0x14dc0000,0x14e10000)]
  0x14a3a400 JavaThread "Attach Listener" daemon [_thread_blocked, id=19524, stack(0x14d30000,0x14d80000)]
  0x14a38400 JavaThread "Signal Dispatcher" daemon [_thread_blocked, id=16984, stack(0x04990000,0x049e0000)]
  0x14a1a800 JavaThread "Finalizer" daemon [_thread_blocked, id=14144, stack(0x04900000,0x04950000)]
  0x14a04c00 JavaThread "Reference Handler" daemon [_thread_blocked, id=24392, stack(0x04870000,0x048c0000)]

Other Threads:
  0x00dfdc00 VMThread [stack: 0x01390000,0x013e0000] [id=14388]
  0x14a5c800 WatcherThread [stack: 0x14ee0000,0x14f30000] [id=27608]

VM state:not at safepoint (normal execution)

VM Mutex/Monitor currently owned by a thread: None

Heap:
 def new generation   total 4928K, used 2023K [0x04a00000, 0x04f50000, 0x09f50000)
  eden space 4416K,  34% used [0x04a00000, 0x04b79d20, 0x04e50000)
  from space 512K, 100% used [0x04ed0000, 0x04f50000, 0x04f50000)
  to   space 512K,   0% used [0x04e50000, 0x04e50000, 0x04ed0000)
 tenured generation   total 10944K, used 1908K [0x09f50000, 0x0aa00000, 0x14a00000)
   the space 10944K,  17% used [0x09f50000, 0x0a12d150, 0x0a12d200, 0x0aa00000)
 Metaspace       used 6397K, capacity 6604K, committed 6656K, reserved 7552K

Card table byte_map: [0x00e00000,0x00e90000] byte_map_base: 0x00ddb000

Polling page: 0x002a0000

CodeCache: size=32768Kb used=883Kb max_used=883Kb free=31884Kb
 bounds [0x02830000, 0x02910000, 0x04830000]
 total_blobs=374 nmethods=151 adapters=154
 compilation: enabled

Compilation events (10 events):
Event: 1.185 Thread 0x14a3b400  146             sun.awt.image.ByteInterleavedRaster::putByteData (834 bytes)
Event: 1.187 Thread 0x14a3b400 nmethod 146 0x029097c8 code [0x02909980, 0x0290a374]
Event: 1.187 Thread 0x14a3b400  147             com.sun.imageio.plugins.png.PNGImageReader::decodeUpFilter (53 bytes)
Event: 1.187 Thread 0x14a3b400 nmethod 147 0x0290b408 code [0x0290b510, 0x0290b620]
Event: 1.190 Thread 0x14a3b400  148  s          sun.java2d.loops.GraphicsPrimitiveMgr::locatePrim (96 bytes)
Event: 1.191 Thread 0x14a3b400 nmethod 148 0x0290b788 code [0x0290b8c0, 0x0290bd6c]
Event: 1.194 Thread 0x14a3b400  150             com.sun.imageio.plugins.png.PNGImageReader::decodeSubFilter (54 bytes)
Event: 1.194 Thread 0x14a3b400 nmethod 150 0x0290c408 code [0x0290c500, 0x0290c5f0]
Event: 1.196 Thread 0x14a3b400  151             java.io.BufferedInputStream::getBufIfOpen (21 bytes)
Event: 1.196 Thread 0x14a3b400 nmethod 151 0x0290c708 code [0x0290c810, 0x0290c90c]

GC Heap History (2 events):
Event: 0.549 GC heap before
{Heap before GC invocations=0 (full 0):
 def new generation   total 4928K, used 4416K [0x04a00000, 0x04f50000, 0x09f50000)
  eden space 4416K, 100% used [0x04a00000, 0x04e50000, 0x04e50000)
  from space 512K,   0% used [0x04e50000, 0x04e50000, 0x04ed0000)
  to   space 512K,   0% used [0x04ed0000, 0x04ed0000, 0x04f50000)
 tenured generation   total 10944K, used 0K [0x09f50000, 0x0aa00000, 0x14a00000)
   the space 10944K,   0% used [0x09f50000, 0x09f50000, 0x09f50200, 0x0aa00000)
 Metaspace       used 5755K, capacity 5930K, committed 6016K, reserved 6528K
Event: 0.558 GC heap after
Heap after GC invocations=1 (full 0):
 def new generation   total 4928K, used 512K [0x04a00000, 0x04f50000, 0x09f50000)
  eden space 4416K,   0% used [0x04a00000, 0x04a00000, 0x04e50000)
  from space 512K, 100% used [0x04ed0000, 0x04f50000, 0x04f50000)
  to   space 512K,   0% used [0x04e50000, 0x04e50000, 0x04ed0000)
 tenured generation   total 10944K, used 1908K [0x09f50000, 0x0aa00000, 0x14a00000)
   the space 10944K,  17% used [0x09f50000, 0x0a12d150, 0x0a12d200, 0x0aa00000)
 Metaspace       used 5755K, capacity 5930K, committed 6016K, reserved 6528K
}

Deoptimization events (0 events):
No events

Classes redefined (0 events):
No events

Internal exceptions (10 events):
Event: 0.147 Thread 0x00cdd000 Exception <a 'java/security/PrivilegedActionException'> (0x04a81e48) thrown at [C:\workspace\8-2-build-windows-i586-cygwin\jdk8u181\11358\hotspot\src\share\vm\prims\jvm.cpp, line 1435]
Event: 0.148 Thread 0x00cdd000 Exception <a 'java/security/PrivilegedActionException'> (0x04a9c0a8) thrown at [C:\workspace\8-2-build-windows-i586-cygwin\jdk8u181\11358\hotspot\src\share\vm\prims\jvm.cpp, line 1435]
Event: 0.148 Thread 0x00cdd000 Exception <a 'java/security/PrivilegedActionException'> (0x04a9c2a8) thrown at [C:\workspace\8-2-build-windows-i586-cygwin\jdk8u181\11358\hotspot\src\share\vm\prims\jvm.cpp, line 1435]
Event: 0.154 Thread 0x00cdd000 Exception <a 'java/io/FileNotFoundException'> (0x04a9e270) thrown at [C:\workspace\8-2-build-windows-i586-cygwin\jdk8u181\11358\hotspot\src\share\vm\prims\jni.cpp, line 709]
Event: 0.266 Thread 0x00cdd000 Exception <a 'java/lang/NoSuchFieldError': method resolution failed> (0x04b5c270) thrown at [C:\workspace\8-2-build-windows-i586-cygwin\jdk8u181\11358\hotspot\src\share\vm\prims\methodHandles.cpp, line 1167]
Event: 0.270 Thread 0x00cdd000 Exception <a 'java/lang/NoSuchFieldError': method resolution failed> (0x04b68460) thrown at [C:\workspace\8-2-build-windows-i586-cygwin\jdk8u181\11358\hotspot\src\share\vm\prims\methodHandles.cpp, line 1167]
Event: 0.384 Thread 0x00cdd000 Exception <a 'java/io/FileNotFoundException'> (0x04c506d8) thrown at [C:\workspace\8-2-build-windows-i586-cygwin\jdk8u181\11358\hotspot\src\share\vm\prims\jni.cpp, line 709]
Event: 1.659 Thread 0x165c3800 Exception <a 'java/lang/StackOverflowError'> (0x04b5ca30) thrown at [C:\workspace\8-2-build-windows-i586-cygwin\jdk8u181\11358\hotspot\src\share\vm\runtime\javaCalls.cpp, line 386]
Event: 1.659 Thread 0x165c3800 Exception <a 'java/lang/StackOverflowError'> (0x04b5ca98) thrown at [C:\workspace\8-2-build-windows-i586-cygwin\jdk8u181\11358\hotspot\src\share\vm\runtime\javaCalls.cpp, line 386]
Event: 1.659 Thread 0x165c3800 Exception <a 'java/lang/StackOverflowError'> (0x04b5cab8) thrown at [C:\workspace\8-2-build-windows-i586-cygwin\jdk8u181\11358\hotspot\src\share\vm\runtime\javaCalls.cpp, line 386]

Events (10 events):
Event: 1.489 loading class jpcap/packet/TCPPacket
Event: 1.489 loading class jpcap/packet/TCPPacket done
Event: 1.490 loading class jpcap/packet/UDPPacket
Event: 1.490 loading class jpcap/packet/UDPPacket done
Event: 1.490 loading class jpcap/packet/ICMPPacket
Event: 1.490 loading class jpcap/packet/ICMPPacket done
Event: 1.491 loading class jpcap/packet/IPv6Option
Event: 1.491 loading class jpcap/packet/IPv6Option done
Event: 1.491 loading class jpcap/packet/ARPPacket
Event: 1.491 loading class jpcap/packet/ARPPacket done


Dynamic libraries:
0x013e0000 - 0x01413000 	C:\Program Files (x86)\Java\jdk1.8.0_181\bin\java.exe
0x77760000 - 0x778f0000 	C:\WINDOWS\SYSTEM32\ntdll.dll
0x771b0000 - 0x77290000 	C:\WINDOWS\System32\KERNEL32.DLL
0x6d4d0000 - 0x6d4ff000 	C:\Program Files\AVAST Software\Avast\aswhookx.dll
0x76410000 - 0x765f4000 	C:\WINDOWS\System32\KERNELBASE.dll
0x73f70000 - 0x7400d000 	C:\WINDOWS\SYSTEM32\apphelp.dll
0x772f0000 - 0x77368000 	C:\WINDOWS\System32\ADVAPI32.dll
0x76f50000 - 0x7700f000 	C:\WINDOWS\System32\msvcrt.dll
0x77420000 - 0x77464000 	C:\WINDOWS\System32\sechost.dll
0x76650000 - 0x76710000 	C:\WINDOWS\System32\RPCRT4.dll
0x74020000 - 0x74040000 	C:\WINDOWS\System32\SspiCli.dll
0x74010000 - 0x7401a000 	C:\WINDOWS\System32\CRYPTBASE.dll
0x77610000 - 0x77668000 	C:\WINDOWS\System32\bcryptPrimitives.dll
0x76cf0000 - 0x76e7d000 	C:\WINDOWS\System32\USER32.dll
0x74040000 - 0x74057000 	C:\WINDOWS\System32\win32u.dll
0x77470000 - 0x77492000 	C:\WINDOWS\System32\GDI32.dll
0x74ec0000 - 0x75024000 	C:\WINDOWS\System32\gdi32full.dll
0x77080000 - 0x770fd000 	C:\WINDOWS\System32\msvcp_win.dll
0x744b0000 - 0x745ce000 	C:\WINDOWS\System32\ucrtbase.dll
0x6d1a0000 - 0x6d3a4000 	C:\WINDOWS\WinSxS\x86_microsoft.windows.common-controls_6595b64144ccf1df_6.0.17134.285_none_42efceba44e1907b\COMCTL32.dll
0x74060000 - 0x742bc000 	C:\WINDOWS\System32\combase.dll
0x76600000 - 0x76626000 	C:\WINDOWS\System32\IMM32.DLL
0x5ee80000 - 0x5ef3f000 	C:\Program Files (x86)\Java\jdk1.8.0_181\jre\bin\msvcr100.dll
0x6ccb0000 - 0x6d083000 	C:\Program Files (x86)\Java\jdk1.8.0_181\jre\bin\client\jvm.dll
0x77290000 - 0x77296000 	C:\WINDOWS\System32\PSAPI.DLL
0x72d70000 - 0x72d78000 	C:\WINDOWS\SYSTEM32\WSOCK32.dll
0x77010000 - 0x77077000 	C:\WINDOWS\System32\WS2_32.dll
0x73bb0000 - 0x73bd4000 	C:\WINDOWS\SYSTEM32\WINMM.dll
0x73b60000 - 0x73b68000 	C:\WINDOWS\SYSTEM32\VERSION.dll
0x73900000 - 0x73923000 	C:\WINDOWS\SYSTEM32\WINMMBASE.dll
0x77170000 - 0x771a9000 	C:\WINDOWS\System32\cfgmgr32.dll
0x6d940000 - 0x6d94c000 	C:\Program Files (x86)\Java\jdk1.8.0_181\jre\bin\verify.dll
0x6c8d0000 - 0x6c8f2000 	C:\Program Files (x86)\Java\jdk1.8.0_181\jre\bin\java.dll
0x6cb50000 - 0x6cb64000 	C:\Program Files (x86)\Java\jdk1.8.0_181\jre\bin\zip.dll
0x75030000 - 0x7637a000 	C:\WINDOWS\System32\SHELL32.dll
0x76380000 - 0x76408000 	C:\WINDOWS\System32\shcore.dll
0x76730000 - 0x76cea000 	C:\WINDOWS\System32\windows.storage.dll
0x772a0000 - 0x772e5000 	C:\WINDOWS\System32\shlwapi.dll
0x77100000 - 0x7710f000 	C:\WINDOWS\System32\kernel.appcore.dll
0x77400000 - 0x77418000 	C:\WINDOWS\System32\profapi.dll
0x742c0000 - 0x74305000 	C:\WINDOWS\System32\powrprof.dll
0x76710000 - 0x76718000 	C:\WINDOWS\System32\FLTLIB.DLL
0x6c240000 - 0x6c387000 	C:\Program Files (x86)\Java\jdk1.8.0_181\jre\bin\awt.dll
0x74310000 - 0x743a6000 	C:\WINDOWS\System32\OLEAUT32.dll
0x73be0000 - 0x73c5c000 	C:\WINDOWS\system32\uxtheme.dll
0x74c00000 - 0x74d44000 	C:\WINDOWS\System32\MSCTF.dll
0x73b00000 - 0x73b23000 	C:\WINDOWS\system32\dwmapi.dll
0x743b0000 - 0x744ac000 	C:\WINDOWS\System32\ole32.dll
0x65500000 - 0x655d9000 	C:\WINDOWS\system32\opengl32.dll
0x64a40000 - 0x64a7f000 	C:\WINDOWS\SYSTEM32\GLU32.dll
0x16970000 - 0x169a9000 	C:\Program Files (x86)\Java\jdk1.8.0_181\jre\bin\fontmanager.dll
0x6d120000 - 0x6d19d000 	C:\WINDOWS\System32\TextInputFramework.dll
0x65c00000 - 0x65e5d000 	C:\WINDOWS\System32\CoreUIComponents.dll
0x6ff80000 - 0x6ffa9000 	C:\WINDOWS\SYSTEM32\ntmarta.dll
0x169b0000 - 0x16a3b000 	C:\WINDOWS\System32\CoreMessaging.dll
0x16a40000 - 0x16b16000 	C:\WINDOWS\SYSTEM32\wintypes.dll
0x64ac0000 - 0x64b16000 	C:\WINDOWS\system32\Oleacc.dll
0x16fe0000 - 0x17008000 	C:\Windows\System32\Jpcap.dll
0x72ff0000 - 0x73020000 	C:\WINDOWS\SYSTEM32\iphlpapi.dll
0x17010000 - 0x1705c000 	C:\WINDOWS\SYSTEM32\wpcap.dll
0x049e0000 - 0x049f8000 	C:\WINDOWS\SYSTEM32\packet.dll
0x72540000 - 0x72553000 	C:\WINDOWS\SYSTEM32\CRYPTSP.dll
0x77110000 - 0x77117000 	C:\WINDOWS\System32\NSI.dll
0x72510000 - 0x7253f000 	C:\WINDOWS\system32\rsaenh.dll
0x72fd0000 - 0x72fe9000 	C:\WINDOWS\SYSTEM32\bcrypt.dll
0x70a00000 - 0x70a13000 	C:\WINDOWS\SYSTEM32\dhcpcsvc6.DLL
0x73b30000 - 0x73b51000 	C:\WINDOWS\SYSTEM32\USERENV.dll
0x6ff10000 - 0x6ff24000 	C:\WINDOWS\SYSTEM32\dhcpcsvc.DLL
0x6c830000 - 0x6c845000 	C:\Program Files (x86)\Java\jdk1.8.0_181\jre\bin\net.dll
0x70300000 - 0x70356000 	C:\WINDOWS\system32\mswsock.dll
0x6d3b0000 - 0x6d3bf000 	C:\Program Files (x86)\Java\jdk1.8.0_181\jre\bin\nio.dll
0x72680000 - 0x72802000 	C:\WINDOWS\SYSTEM32\dbghelp.dll

VM Arguments:
jvm_args: -Dfile.encoding=UTF-8 
java_command: Odometro.Main
java_class_path (initial): C:\Users\Daniel\Desktop\redes\proyecto\jars\jpcap.jar;C:\Users\Daniel\Desktop\redes\proyecto\imag;C:\Users\Daniel\Desktop\redes\proyecto\build\classes
Launcher Type: SUN_STANDARD

Environment Variables:
PATH=C:\Program Files (x86)\Common Files\Oracle\Java\javapath;C:\ProgramData\Oracle\Java\javapath;C:\Program Files (x86)\Lenovo\FusionEngine;C:\Program Files (x86)\Intel\iCLS Client\;C:\Program Files\Intel\iCLS Client\;C:\WINDOWS\system32;C:\WINDOWS;C:\WINDOWS\System32\Wbem;C:\WINDOWS\System32\WindowsPowerShell\v1.0\;C:\Program Files\Intel\Intel(R) Management Engine Components\DAL;C:\Program Files\Intel\Intel(R) Management Engine Components\IPT;C:\Program Files (x86)\Intel\Intel(R) Management Engine Components\DAL;C:\Program Files (x86)\Intel\Intel(R) Management Engine Components\IPT;C:\Program Files\Lenovo\Bluetooth Software\;C:\Program Files\Lenovo\Bluetooth Software\syswow64;C:\Program Files (x86)\Lenovo\Motion Control\;C:\Program Files (x86)\Common Files\lenovo\easyplussdk\bin;C:\Program Files (x86)\IVI Foundation\VISA\WinNT\Bin;C:\Program Files (x86)\GtkSharp\2.12\bin;C:\Program Files (x86)\NVIDIA Corporation\PhysX\Common;C:\HashiCorp\Vagrant\bin;C:\WINDOWS\system32;C:\WINDOWS;C:\WINDOWS\System32\Wbem;C:\WINDOWS\System32\WindowsPowerShell\v1.0\;C:\WINDOWS\System32\OpenSSH\;C:\Program Files\Git\cmd;C:\Program Files\dotnet\;C:\Program Files\Microsoft VS Code\bin;C:\cygwin64\bin;C:\Users\Daniel\AppData\Local\Programs\Python\Python37-32\Scripts\;C:\Users\Daniel\AppData\Local\Programs\Python\Python37-32\;C:\Users\Daniel\AppData\Local\Microsoft\WindowsApps;C:\Users\Daniel\.dotnet\tools
USERNAME=Daniel
OS=Windows_NT
PROCESSOR_IDENTIFIER=Intel64 Family 6 Model 60 Stepping 3, GenuineIntel



---------------  S Y S T E M  ---------------

OS: Windows 10.0 , 64 bit Build 17134 (10.0.17134.1)

CPU:total 8 (initial active 8) (4 cores per cpu, 2 threads per core) family 6 model 60 stepping 3, cmov, cx8, fxsr, mmx, sse, sse2, sse3, ssse3, sse4.1, sse4.2, popcnt, avx, avx2, aes, clmul, erms, lzcnt, ht, tsc, tscinvbit, bmi1, bmi2

Memory: 4k page, physical 16687384k(5739072k free), swap 28012684k(7083456k free)

vm_info: Java HotSpot(TM) Client VM (25.181-b13) for windows-x86 JRE (1.8.0_181-b13), built on Jul  7 2018 03:18:20 by "java_re" with MS VC++ 10.0 (VS2010)

time: Sun Sep 30 10:06:33 2018
elapsed time: 1 seconds (0d 0h 0m 1s)

