#
# A fatal error has been detected by the Java Runtime Environment:
#
#  EXCEPTION_ACCESS_VIOLATION (0xc0000005) at pc=0x545eff89, pid=7200, tid=0x00000eac
#
# JRE version: Java(TM) SE Runtime Environment (8.0_181-b13) (build 1.8.0_181-b13)
# Java VM: Java HotSpot(TM) Client VM (25.181-b13 mixed mode windows-x86 )
# Problematic frame:
# V  [jvm.dll+0x7ff89]
#
# Failed to write core dump. Minidumps are not enabled by default on client versions of Windows
#
# If you would like to submit a bug report, please visit:
#   http://bugreport.java.com/bugreport/crash.jsp
# The crash happened outside the Java Virtual Machine in native code.
# See problematic frame for where to report the bug.
#

---------------  T H R E A D  ---------------

Current thread (0x16683400):  JavaThread "Thread-9" [_thread_in_native, id=3756, stack(0x16240000,0x16290000)]

siginfo: ExceptionCode=0xc0000005, reading address 0xc00c0909

Registers:
EAX=0xc00c0901, EBX=0x54857cf4, ECX=0x1628f3e0, EDX=0x0000000a
ESP=0x1628f3c4, EBP=0x1628f3c4, ESI=0x16722108, EDI=0x16682800
EIP=0x545eff89, EFLAGS=0x00010293

Top of Stack: (sp=0x1628f3c4)
0x1628f3c4:   1628f488 5464dbbb 14e00590 16682800
0x1628f3d4:   16682940 16682800 00000000 1628f508
0x1628f3e4:   1628f7ac 548323fa f51ee5ea fffffffe
0x1628f3f4:   1628f414 546cc0fe 546cbe90 1628f528
0x1628f404:   1628f420 1628f49c 16682800 00000011
0x1628f414:   1628f4cc 16682940 1628f528 166373c0
0x1628f424:   166373c8 166377b4 000003ec 14e00590
0x1628f434:   16682800 1628f4b0 16712210 1671ab20 

Instructions: (pc=0x545eff89)
0x545eff69:   c3 e2 0f 00 5f 5e 5b 8b e5 5d c3 cc cc cc cc cc
0x545eff79:   cc cc cc cc cc cc cc 55 8b ec 8b 45 08 8b 40 04
0x545eff89:   8b 50 08 53 56 8b f1 0f b7 48 1c 8b 44 8a 2c 57
0x545eff99:   50 8b ce e8 8f 43 0f 00 8d 4e 24 8d 55 08 c7 06 


Register to memory mapping:

EAX=0xc00c0901 is an unknown value
EBX=0x54857cf4 is an unknown value
ECX=0x1628f3e0 is pointing into the stack for thread: 0x16683400
EDX=0x0000000a is an unknown value
ESP=0x1628f3c4 is pointing into the stack for thread: 0x16683400
EBP=0x1628f3c4 is pointing into the stack for thread: 0x16683400
ESI=0x16722108 is an unknown value
EDI=0x16682800 is an unknown value


Stack: [0x16240000,0x16290000],  sp=0x1628f3c4,  free space=316k
Native frames: (J=compiled Java code, j=interpreted, Vv=VM code, C=native code)
V  [jvm.dll+0x7ff89]
V  [jvm.dll+0xddbbb]
V  [jvm.dll+0xe0a28]
C  [Jpcap.dll+0x42d5]

Java frames: (J=compiled Java code, j=interpreted, Vv=VM code)
J 321  jpcap.JpcapCaptor.processPacket(ILjpcap/PacketReceiver;)I (0 bytes) @ 0x02c9ab69 [0x02c9ab10+0x59]
j  RecepcionDatos.Sniffer.run()V+133
j  java.lang.Thread.run()V+11
v  ~StubRoutines::call_stub

---------------  P R O C E S S  ---------------

Java Threads: ( => current thread )
=>0x16683400 JavaThread "Thread-9" [_thread_in_native, id=3756, stack(0x16240000,0x16290000)]
  0x16682000 JavaThread "TimerQueue" daemon [_thread_blocked, id=15772, stack(0x1cca0000,0x1ccf0000)]
  0x16621400 JavaThread "D3D Screen Updater" daemon [_thread_blocked, id=9960, stack(0x1bf00000,0x1bf50000)]
  0x02b8c800 JavaThread "DestroyJavaVM" [_thread_blocked, id=11188, stack(0x011f0000,0x01240000)]
  0x1652c000 JavaThread "AWT-EventQueue-0" [_thread_blocked, id=2084, stack(0x16a10000,0x16a60000)]
  0x1540ac00 JavaThread "AWT-Windows" daemon [_thread_in_native, id=15664, stack(0x15b00000,0x15b50000)]
  0x15408400 JavaThread "AWT-Shutdown" [_thread_blocked, id=15740, stack(0x15a70000,0x15ac0000)]
  0x15407800 JavaThread "Java2D Disposer" daemon [_thread_blocked, id=5788, stack(0x159e0000,0x15a30000)]
  0x152b6400 JavaThread "Service Thread" daemon [_thread_blocked, id=1692, stack(0x157b0000,0x15800000)]
  0x1528e400 JavaThread "C1 CompilerThread0" daemon [_thread_blocked, id=13988, stack(0x15720000,0x15770000)]
  0x1528d000 JavaThread "Attach Listener" daemon [_thread_blocked, id=7932, stack(0x15690000,0x156e0000)]
  0x1528b400 JavaThread "Signal Dispatcher" daemon [_thread_blocked, id=14276, stack(0x15600000,0x15650000)]
  0x1527a400 JavaThread "Finalizer" daemon [_thread_blocked, id=1592, stack(0x15460000,0x154b0000)]
  0x15264800 JavaThread "Reference Handler" daemon [_thread_blocked, id=14852, stack(0x04d70000,0x04dc0000)]

Other Threads:
  0x02b0d400 VMThread [stack: 0x04ce0000,0x04d30000] [id=15340]
  0x15299000 WatcherThread [stack: 0x15950000,0x159a0000] [id=12048]

VM state:not at safepoint (normal execution)

VM Mutex/Monitor currently owned by a thread: None

Heap:
 def new generation   total 4928K, used 717K [0x04e00000, 0x05350000, 0x0a350000)
  eden space 4416K,   9% used [0x04e00000, 0x04e68068, 0x05250000)
  from space 512K,  58% used [0x052d0000, 0x0531b5a8, 0x05350000)
  to   space 512K,   0% used [0x05250000, 0x05250000, 0x052d0000)
 tenured generation   total 10944K, used 2726K [0x0a350000, 0x0ae00000, 0x14e00000)
   the space 10944K,  24% used [0x0a350000, 0x0a5f9960, 0x0a5f9a00, 0x0ae00000)
 Metaspace       used 9380K, capacity 9596K, committed 9728K, reserved 10624K

Card table byte_map: [0x04c10000,0x04ca0000] byte_map_base: 0x04be9000

Polling page: 0x00a80000

CodeCache: size=32768Kb used=2001Kb max_used=2001Kb free=30767Kb
 bounds [0x02b90000, 0x02d88000, 0x04b90000]
 total_blobs=1279 nmethods=1021 adapters=187
 compilation: enabled

Compilation events (10 events):
Event: 51.892 Thread 0x1528e400 nmethod 1016 0x02d81e08 code [0x02d81f00, 0x02d81f80]
Event: 51.892 Thread 0x1528e400 1017             RecepcionDatos.Sniffer::agregarPaquete (14 bytes)
Event: 51.893 Thread 0x1528e400 nmethod 1017 0x02d81fc8 code [0x02d820d0, 0x02d8216c]
Event: 51.895 Thread 0x1528e400 1018             sun.util.locale.LocaleUtils::isUpper (18 bytes)
Event: 51.895 Thread 0x1528e400 nmethod 1018 0x02d82208 code [0x02d82300, 0x02d82390]
Event: 51.909 Thread 0x1528e400 1019             java.util.Locale::hashCode (41 bytes)
Event: 51.910 Thread 0x1528e400 nmethod 1019 0x02d823c8 code [0x02d824e0, 0x02d825d8]
Event: 51.920 Thread 0x1528e400 1020             java.awt.MultipleGradientPaintContext::calculateLookupData (318 bytes)
Event: 51.922 Thread 0x1528e400 nmethod 1020 0x02d826c8 code [0x02d82870, 0x02d82efc]
Event: 51.923 Thread 0x1528e400 1021             sun.java2d.d3d.D3DBlitLoops::createPackedParams (60 bytes)

GC Heap History (10 events):
Event: 12.749 GC heap before
{Heap before GC invocations=6 (full 0):
 def new generation   total 4928K, used 4648K [0x04e00000, 0x05350000, 0x0a350000)
  eden space 4416K, 100% used [0x04e00000, 0x05250000, 0x05250000)
  from space 512K,  45% used [0x05250000, 0x0528a058, 0x052d0000)
  to   space 512K,   0% used [0x052d0000, 0x052d0000, 0x05350000)
 tenured generation   total 10944K, used 2412K [0x0a350000, 0x0ae00000, 0x14e00000)
   the space 10944K,  22% used [0x0a350000, 0x0a5ab168, 0x0a5ab200, 0x0ae00000)
 Metaspace       used 9330K, capacity 9530K, committed 9600K, reserved 9600K
Event: 12.752 GC heap after
Heap after GC invocations=7 (full 0):
 def new generation   total 4928K, used 329K [0x04e00000, 0x05350000, 0x0a350000)
  eden space 4416K,   0% used [0x04e00000, 0x04e00000, 0x05250000)
  from space 512K,  64% used [0x052d0000, 0x05322578, 0x05350000)
  to   space 512K,   0% used [0x05250000, 0x05250000, 0x052d0000)
 tenured generation   total 10944K, used 2412K [0x0a350000, 0x0ae00000, 0x14e00000)
   the space 10944K,  22% used [0x0a350000, 0x0a5ab168, 0x0a5ab200, 0x0ae00000)
 Metaspace       used 9330K, capacity 9530K, committed 9600K, reserved 9600K
}
Event: 13.269 GC heap before
{Heap before GC invocations=7 (full 0):
 def new generation   total 4928K, used 4745K [0x04e00000, 0x05350000, 0x0a350000)
  eden space 4416K, 100% used [0x04e00000, 0x05250000, 0x05250000)
  from space 512K,  64% used [0x052d0000, 0x05322578, 0x05350000)
  to   space 512K,   0% used [0x05250000, 0x05250000, 0x052d0000)
 tenured generation   total 10944K, used 2412K [0x0a350000, 0x0ae00000, 0x14e00000)
   the space 10944K,  22% used [0x0a350000, 0x0a5ab168, 0x0a5ab200, 0x0ae00000)
 Metaspace       used 9330K, capacity 9530K, committed 9600K, reserved 9600K
Event: 13.273 GC heap after
Heap after GC invocations=8 (full 0):
 def new generation   total 4928K, used 353K [0x04e00000, 0x05350000, 0x0a350000)
  eden space 4416K,   0% used [0x04e00000, 0x04e00000, 0x05250000)
  from space 512K,  69% used [0x05250000, 0x052a8630, 0x052d0000)
  to   space 512K,   0% used [0x052d0000, 0x052d0000, 0x05350000)
 tenured generation   total 10944K, used 2496K [0x0a350000, 0x0ae00000, 0x14e00000)
   the space 10944K,  22% used [0x0a350000, 0x0a5c0068, 0x0a5c0200, 0x0ae00000)
 Metaspace       used 9330K, capacity 9530K, committed 9600K, reserved 9600K
}
Event: 13.920 GC heap before
{Heap before GC invocations=8 (full 0):
 def new generation   total 4928K, used 4769K [0x04e00000, 0x05350000, 0x0a350000)
  eden space 4416K, 100% used [0x04e00000, 0x05250000, 0x05250000)
  from space 512K,  69% used [0x05250000, 0x052a8630, 0x052d0000)
  to   space 512K,   0% used [0x052d0000, 0x052d0000, 0x05350000)
 tenured generation   total 10944K, used 2496K [0x0a350000, 0x0ae00000, 0x14e00000)
   the space 10944K,  22% used [0x0a350000, 0x0a5c0068, 0x0a5c0200, 0x0ae00000)
 Metaspace       used 9330K, capacity 9530K, committed 9600K, reserved 9600K
Event: 13.925 GC heap after
Heap after GC invocations=9 (full 0):
 def new generation   total 4928K, used 314K [0x04e00000, 0x05350000, 0x0a350000)
  eden space 4416K,   0% used [0x04e00000, 0x04e00000, 0x05250000)
  from space 512K,  61% used [0x052d0000, 0x0531ebf0, 0x05350000)
  to   space 512K,   0% used [0x05250000, 0x05250000, 0x052d0000)
 tenured generation   total 10944K, used 2630K [0x0a350000, 0x0ae00000, 0x14e00000)
   the space 10944K,  24% used [0x0a350000, 0x0a5e1830, 0x0a5e1a00, 0x0ae00000)
 Metaspace       used 9330K, capacity 9530K, committed 9600K, reserved 9600K
}
Event: 14.669 GC heap before
{Heap before GC invocations=9 (full 0):
 def new generation   total 4928K, used 4730K [0x04e00000, 0x05350000, 0x0a350000)
  eden space 4416K, 100% used [0x04e00000, 0x05250000, 0x05250000)
  from space 512K,  61% used [0x052d0000, 0x0531ebf0, 0x05350000)
  to   space 512K,   0% used [0x05250000, 0x05250000, 0x052d0000)
 tenured generation   total 10944K, used 2630K [0x0a350000, 0x0ae00000, 0x14e00000)
   the space 10944K,  24% used [0x0a350000, 0x0a5e1830, 0x0a5e1a00, 0x0ae00000)
 Metaspace       used 9330K, capacity 9530K, committed 9600K, reserved 9600K
Event: 14.672 GC heap after
Heap after GC invocations=10 (full 0):
 def new generation   total 4928K, used 251K [0x04e00000, 0x05350000, 0x0a350000)
  eden space 4416K,   0% used [0x04e00000, 0x04e00000, 0x05250000)
  from space 512K,  49% used [0x05250000, 0x0528eca0, 0x052d0000)
  to   space 512K,   0% used [0x052d0000, 0x052d0000, 0x05350000)
 tenured generation   total 10944K, used 2726K [0x0a350000, 0x0ae00000, 0x14e00000)
   the space 10944K,  24% used [0x0a350000, 0x0a5f9960, 0x0a5f9a00, 0x0ae00000)
 Metaspace       used 9330K, capacity 9530K, committed 9600K, reserved 9600K
}
Event: 51.096 GC heap before
{Heap before GC invocations=10 (full 0):
 def new generation   total 4928K, used 4667K [0x04e00000, 0x05350000, 0x0a350000)
  eden space 4416K, 100% used [0x04e00000, 0x05250000, 0x05250000)
  from space 512K,  49% used [0x05250000, 0x0528eca0, 0x052d0000)
  to   space 512K,   0% used [0x052d0000, 0x052d0000, 0x05350000)
 tenured generation   total 10944K, used 2726K [0x0a350000, 0x0ae00000, 0x14e00000)
   the space 10944K,  24% used [0x0a350000, 0x0a5f9960, 0x0a5f9a00, 0x0ae00000)
 Metaspace       used 9375K, capacity 9594K, committed 9728K, reserved 10624K
Event: 51.099 GC heap after
Heap after GC invocations=11 (full 0):
 def new generation   total 4928K, used 301K [0x04e00000, 0x05350000, 0x0a350000)
  eden space 4416K,   0% used [0x04e00000, 0x04e00000, 0x05250000)
  from space 512K,  58% used [0x052d0000, 0x0531b5a8, 0x05350000)
  to   space 512K,   0% used [0x05250000, 0x05250000, 0x052d0000)
 tenured generation   total 10944K, used 2726K [0x0a350000, 0x0ae00000, 0x14e00000)
   the space 10944K,  24% used [0x0a350000, 0x0a5f9960, 0x0a5f9a00, 0x0ae00000)
 Metaspace       used 9375K, capacity 9594K, committed 9728K, reserved 10624K
}

Deoptimization events (0 events):
No events

Classes redefined (0 events):
No events

Internal exceptions (10 events):
Event: 0.828 Thread 0x02b8c800 Exception <a 'java/lang/ClassNotFoundException': ToolBarSeparator> (0x050b53f8) thrown at [C:\workspace\8-2-build-windows-i586-cygwin\jdk8u181\11358\hotspot\src\share\vm\classfile\systemDictionary.cpp, line 210]
Event: 0.828 Thread 0x02b8c800 Exception <a 'java/lang/ClassNotFoundException': ToolTip> (0x050b5b00) thrown at [C:\workspace\8-2-build-windows-i586-cygwin\jdk8u181\11358\hotspot\src\share\vm\classfile\systemDictionary.cpp, line 210]
Event: 0.831 Thread 0x02b8c800 Exception <a 'java/lang/ClassNotFoundException': Tree> (0x050b65e8) thrown at [C:\workspace\8-2-build-windows-i586-cygwin\jdk8u181\11358\hotspot\src\share\vm\classfile\systemDictionary.cpp, line 210]
Event: 0.831 Thread 0x02b8c800 Exception <a 'java/lang/ClassNotFoundException': Tree> (0x050b6c88) thrown at [C:\workspace\8-2-build-windows-i586-cygwin\jdk8u181\11358\hotspot\src\share\vm\classfile\systemDictionary.cpp, line 210]
Event: 0.831 Thread 0x02b8c800 Exception <a 'java/lang/ClassNotFoundException': javax/swing/JTreeCell> (0x050b6fc0) thrown at [C:\workspace\8-2-build-windows-i586-cygwin\jdk8u181\11358\hotspot\src\share\vm\classfile\systemDictionary.cpp, line 210]
Event: 0.831 Thread 0x02b8c800 Exception <a 'java/lang/ClassNotFoundException': TreeCell> (0x050b7408) thrown at [C:\workspace\8-2-build-windows-i586-cygwin\jdk8u181\11358\hotspot\src\share\vm\classfile\systemDictionary.cpp, line 210]
Event: 0.832 Thread 0x02b8c800 Exception <a 'java/lang/ClassNotFoundException': RootPane> (0x050b7d80) thrown at [C:\workspace\8-2-build-windows-i586-cygwin\jdk8u181\11358\hotspot\src\share\vm\classfile\systemDictionary.cpp, line 210]
Event: 51.893 Thread 0x16682800 Exception <a 'java/lang/StackOverflowError'> (0x04e38060) thrown at [C:\workspace\8-2-build-windows-i586-cygwin\jdk8u181\11358\hotspot\src\share\vm\runtime\javaCalls.cpp, line 386]
Event: 51.893 Thread 0x16682800 Exception <a 'java/lang/StackOverflowError'> (0x04e380c8) thrown at [C:\workspace\8-2-build-windows-i586-cygwin\jdk8u181\11358\hotspot\src\share\vm\runtime\javaCalls.cpp, line 386]
Event: 51.893 Thread 0x16682800 Exception <a 'java/lang/StackOverflowError'> (0x04e380e8) thrown at [C:\workspace\8-2-build-windows-i586-cygwin\jdk8u181\11358\hotspot\src\share\vm\runtime\javaCalls.cpp, line 386]

Events (10 events):
Event: 51.881 Executing VM operation: RevokeBias
Event: 51.882 Executing VM operation: RevokeBias done
Event: 51.882 Thread 0x16719000 Thread exited: 0x16719000
Event: 51.894 loading class java/lang/Throwable$WrappedPrintStream
Event: 51.894 loading class java/lang/Throwable$PrintStreamOrWriter
Event: 51.894 loading class java/lang/Throwable$PrintStreamOrWriter done
Event: 51.896 loading class java/lang/Throwable$WrappedPrintStream done
Event: 51.912 Executing VM operation: RevokeBias
Event: 51.912 Executing VM operation: RevokeBias done
Event: 51.913 Thread 0x16682800 Thread exited: 0x16682800


Dynamic libraries:
0x00900000 - 0x00933000 	C:\Program Files (x86)\Java\jdk1.8.0_181\bin\java.exe
0x77100000 - 0x77290000 	C:\WINDOWS\SYSTEM32\ntdll.dll
0x74bc0000 - 0x74ca0000 	C:\WINDOWS\System32\KERNEL32.DLL
0x76d00000 - 0x76ee4000 	C:\WINDOWS\System32\KERNELBASE.dll
0x6e560000 - 0x6e5fd000 	C:\WINDOWS\SYSTEM32\apphelp.dll
0x73e40000 - 0x73eb8000 	C:\WINDOWS\System32\ADVAPI32.dll
0x74d50000 - 0x74e0f000 	C:\WINDOWS\System32\msvcrt.dll
0x740e0000 - 0x74124000 	C:\WINDOWS\System32\sechost.dll
0x74460000 - 0x74520000 	C:\WINDOWS\System32\RPCRT4.dll
0x739c0000 - 0x739e0000 	C:\WINDOWS\System32\SspiCli.dll
0x739b0000 - 0x739ba000 	C:\WINDOWS\System32\CRYPTBASE.dll
0x74550000 - 0x745a8000 	C:\WINDOWS\System32\bcryptPrimitives.dll
0x74e40000 - 0x74fcd000 	C:\WINDOWS\System32\USER32.dll
0x75590000 - 0x755a7000 	C:\WINDOWS\System32\win32u.dll
0x74520000 - 0x74542000 	C:\WINDOWS\System32\GDI32.dll
0x769d0000 - 0x76b34000 	C:\WINDOWS\System32\gdi32full.dll
0x742e0000 - 0x7435d000 	C:\WINDOWS\System32\msvcp_win.dll
0x74130000 - 0x7424e000 	C:\WINDOWS\System32\ucrtbase.dll
0x6edd0000 - 0x6efd4000 	C:\WINDOWS\WinSxS\x86_microsoft.windows.common-controls_6595b64144ccf1df_6.0.17134.285_none_42efceba44e1907b\COMCTL32.dll
0x739e0000 - 0x73c3c000 	C:\WINDOWS\System32\combase.dll
0x76900000 - 0x76926000 	C:\WINDOWS\System32\IMM32.DLL
0x563a0000 - 0x5645f000 	C:\Program Files (x86)\Java\jdk1.8.0_181\jre\bin\msvcr100.dll
0x54570000 - 0x54943000 	C:\Program Files (x86)\Java\jdk1.8.0_181\jre\bin\client\jvm.dll
0x76f90000 - 0x76f96000 	C:\WINDOWS\System32\PSAPI.DLL
0x73940000 - 0x73964000 	C:\WINDOWS\SYSTEM32\WINMM.dll
0x5bd80000 - 0x5bd88000 	C:\WINDOWS\SYSTEM32\WSOCK32.dll
0x74b50000 - 0x74bb7000 	C:\WINDOWS\System32\WS2_32.dll
0x73300000 - 0x73323000 	C:\WINDOWS\SYSTEM32\winmmbase.dll
0x74010000 - 0x74049000 	C:\WINDOWS\System32\cfgmgr32.dll
0x73760000 - 0x73768000 	C:\WINDOWS\SYSTEM32\VERSION.dll
0x5bd70000 - 0x5bd7c000 	C:\Program Files (x86)\Java\jdk1.8.0_181\jre\bin\verify.dll
0x5b0c0000 - 0x5b0e2000 	C:\Program Files (x86)\Java\jdk1.8.0_181\jre\bin\java.dll
0x59280000 - 0x59294000 	C:\Program Files (x86)\Java\jdk1.8.0_181\jre\bin\zip.dll
0x755b0000 - 0x768fa000 	C:\WINDOWS\System32\SHELL32.dll
0x74250000 - 0x742d8000 	C:\WINDOWS\System32\shcore.dll
0x74fd0000 - 0x7558a000 	C:\WINDOWS\System32\windows.storage.dll
0x76980000 - 0x769c5000 	C:\WINDOWS\System32\shlwapi.dll
0x740d0000 - 0x740df000 	C:\WINDOWS\System32\kernel.appcore.dll
0x74e10000 - 0x74e28000 	C:\WINDOWS\System32\profapi.dll
0x76930000 - 0x76975000 	C:\WINDOWS\System32\powrprof.dll
0x77000000 - 0x77008000 	C:\WINDOWS\System32\FLTLIB.DLL
0x56250000 - 0x56397000 	C:\Program Files (x86)\Java\jdk1.8.0_181\jre\bin\awt.dll
0x74cb0000 - 0x74d46000 	C:\WINDOWS\System32\OLEAUT32.dll
0x70fd0000 - 0x7104c000 	C:\WINDOWS\system32\uxtheme.dll
0x73ec0000 - 0x74004000 	C:\WINDOWS\System32\MSCTF.dll
0x6bd50000 - 0x6becc000 	C:\Program Files (x86)\360\Total Security\safemon\safemon.dll
0x74360000 - 0x7445c000 	C:\WINDOWS\System32\ole32.dll
0x73740000 - 0x73753000 	C:\WINDOWS\SYSTEM32\NETAPI32.dll
0x72870000 - 0x7287b000 	C:\WINDOWS\SYSTEM32\NETUTILS.DLL
0x72860000 - 0x72870000 	C:\WINDOWS\SYSTEM32\WKSCLI.DLL
0x72bb0000 - 0x72bc9000 	C:\WINDOWS\SYSTEM32\bcrypt.dll
0x5bf50000 - 0x5bfb6000 	C:\Program Files (x86)\TeamViewer\tv_w32.dll
0x70fa0000 - 0x70fc3000 	C:\WINDOWS\system32\dwmapi.dll
0x58d40000 - 0x58d79000 	C:\Program Files (x86)\Java\jdk1.8.0_181\jre\bin\fontmanager.dll
0x56170000 - 0x56249000 	C:\WINDOWS\system32\opengl32.dll
0x58870000 - 0x588af000 	C:\WINDOWS\SYSTEM32\GLU32.dll
0x65a20000 - 0x65b8f000 	C:\WINDOWS\system32\d3d9.dll
0x61ae0000 - 0x61c60000 	C:\WINDOWS\System32\DriverStore\FileRepository\c0322672.inf_amd64_81642ca28ae135f1\aticfx32.dll
0x5b010000 - 0x5b037000 	C:\WINDOWS\System32\DriverStore\FileRepository\c0322672.inf_amd64_81642ca28ae135f1\atiu9pag.dll
0x5a6b0000 - 0x5b003000 	C:\WINDOWS\System32\DriverStore\FileRepository\c0322672.inf_amd64_81642ca28ae135f1\atiumdag.dll
0x59ad0000 - 0x5a6ad000 	C:\WINDOWS\System32\DriverStore\FileRepository\c0322672.inf_amd64_81642ca28ae135f1\atiumdva.dll
0x58850000 - 0x58865000 	C:\Program Files (x86)\Java\jdk1.8.0_181\jre\bin\net.dll
0x72430000 - 0x72486000 	C:\WINDOWS\system32\mswsock.dll
0x5bd60000 - 0x5bd6f000 	C:\Program Files (x86)\Java\jdk1.8.0_181\jre\bin\nio.dll
0x58420000 - 0x58452000 	C:\Program Files (x86)\Java\jdk1.8.0_181\jre\bin\t2k.dll
0x16a60000 - 0x16a88000 	C:\Users\ancam\Desktop\Universidad\6 semestre\Redes\redes\proyecto\jars\Jpcap.dll
0x73770000 - 0x737a0000 	C:\WINDOWS\SYSTEM32\iphlpapi.dll
0x1b8b0000 - 0x1b8fc000 	C:\WINDOWS\SYSTEM32\wpcap.dll
0x1b910000 - 0x1b928000 	C:\WINDOWS\SYSTEM32\packet.dll
0x74e30000 - 0x74e37000 	C:\WINDOWS\System32\NSI.dll
0x72490000 - 0x724a3000 	C:\WINDOWS\SYSTEM32\dhcpcsvc6.DLL
0x72820000 - 0x72834000 	C:\WINDOWS\SYSTEM32\dhcpcsvc.DLL
0x6e070000 - 0x6e0ed000 	C:\WINDOWS\System32\TextInputFramework.dll
0x6dd80000 - 0x6de0b000 	C:\WINDOWS\System32\CoreMessaging.dll
0x6de10000 - 0x6e06d000 	C:\WINDOWS\System32\CoreUIComponents.dll
0x6dca0000 - 0x6dd76000 	C:\WINDOWS\SYSTEM32\wintypes.dll
0x70680000 - 0x706a9000 	C:\WINDOWS\SYSTEM32\ntmarta.dll
0x56140000 - 0x56164000 	C:\Program Files (x86)\Java\jdk1.8.0_181\jre\bin\dcpr.dll
0x728b0000 - 0x728c3000 	C:\WINDOWS\SYSTEM32\CRYPTSP.dll
0x72880000 - 0x728af000 	C:\WINDOWS\system32\rsaenh.dll
0x73980000 - 0x739a1000 	C:\WINDOWS\SYSTEM32\USERENV.dll
0x72dc0000 - 0x72f42000 	C:\WINDOWS\SYSTEM32\dbghelp.dll

VM Arguments:
jvm_args: -Dfile.encoding=UTF-8 -Djava.library.path=C:\Users\ancam\Desktop\Universidad\6 semestre\Redes\redes\proyecto\jars 
java_command: GUI
java_class_path (initial): C:\Users\ancam\Desktop\Universidad\6 semestre\Redes\redes\proyecto\jars\jpcap.jar;C:\Users\ancam\Desktop\Universidad\6 semestre\Redes\redes\proyecto\imag;C:\Users\ancam\Desktop\Universidad\6 semestre\Redes\redes\proyecto\build\classes
Launcher Type: SUN_STANDARD

Environment Variables:
PATH=C:\Program Files (x86)\Common Files\Oracle\Java\javapath;C:\WINDOWS\system32;C:\WINDOWS;C:\WINDOWS\System32\Wbem;C:\WINDOWS\System32\WindowsPowerShell\v1.0\;C:\WINDOWS\System32\OpenSSH\;C:\Program Files (x86)\Windows Live\Shared;C:\Program Files\Git\cmd;C:\Users\ancam\AppData\Local\Microsoft\WindowsApps;
USERNAME=ancam
OS=Windows_NT
PROCESSOR_IDENTIFIER=AMD64 Family 21 Model 101 Stepping 1, AuthenticAMD



---------------  S Y S T E M  ---------------

OS: Windows 10.0 , 64 bit Build 17134 (10.0.17134.1)

CPU:total 4 (initial active 4) (4 cores per cpu, 1 threads per core) family 21 model 101 stepping 1, cmov, cx8, fxsr, mmx, sse, sse2, sse3, ssse3, sse4.1, sse4.2, popcnt, avx, avx2, aes, clmul, mmxext, 3dnowpref, lzcnt, sse4a, tsc, tscinvbit, tscinv, bmi1

Memory: 4k page, physical 7291348k(1892836k free), swap 10129480k(1826652k free)

vm_info: Java HotSpot(TM) Client VM (25.181-b13) for windows-x86 JRE (1.8.0_181-b13), built on Jul  7 2018 03:18:20 by "java_re" with MS VC++ 10.0 (VS2010)

time: Sun Sep 30 16:03:16 2018
elapsed time: 52 seconds (0d 0h 0m 52s)

