#
# A fatal error has been detected by the Java Runtime Environment:
#
#  EXCEPTION_ACCESS_VIOLATION (0xc0000005) at pc=0x6ce2cf42, pid=23824, tid=0x00000698
#
# JRE version: Java(TM) SE Runtime Environment (8.0_181-b13) (build 1.8.0_181-b13)
# Java VM: Java HotSpot(TM) Client VM (25.181-b13 mixed mode windows-x86 )
# Problematic frame:
# V  [jvm.dll+0x15cf42]
#
# Failed to write core dump. Minidumps are not enabled by default on client versions of Windows
#
# If you would like to submit a bug report, please visit:
#   http://bugreport.java.com/bugreport/crash.jsp
#

---------------  T H R E A D  ---------------

Current thread (0x165ed800):  JavaThread "Thread-3" [_thread_in_vm, id=1688, stack(0x171f0000,0x17240000)]

siginfo: ExceptionCode=0xc0000005, reading address 0x00000009

Registers:
EAX=0x00000009, EBX=0x04b74e50, ECX=0x00000000, EDX=0x0048c6b8
ESP=0x1723f518, EBP=0x1723f524, ESI=0x00e4bd30, EDI=0x165ed800
EIP=0x6ce2cf42, EFLAGS=0x00010206

Top of Stack: (sp=0x1723f518)
0x1723f518:   165ed800 0048c6b8 15323fa0 1723f538
0x1723f528:   6ce2d02e 04b74e50 165ed800 165ed940
0x1723f538:   1723f560 6cda7694 165e4244 00000000
0x1723f548:   165ed940 15323fa0 165ed800 00000000
0x1723f558:   fffffffe 1723f5a8 1723f5a8 1531197e
0x1723f568:   165e4244 1723f5b0 165ed800 04b74e50
0x1723f578:   152cecc8 0290f9ad 165ed940 1723f590
0x1723f588:   00000001 1723f5b0 04b39300 1723f5b4 

Instructions: (pc=0x6ce2cf42)
0x6ce2cf22:   f0 8b 8e 80 00 00 00 8d 04 8e 41 5f 89 8e 80 00
0x6ce2cf32:   00 00 5e 89 18 5b 5d c2 04 00 8b 86 90 00 00 00
0x6ce2cf42:   8b 08 5f 89 8e 90 00 00 00 5e 89 18 5b 5d c2 04
0x6ce2cf52:   00 cc cc cc cc cc cc cc cc cc cc cc cc cc 55 8b 


Register to memory mapping:

EAX=0x00000009 is an unknown value
EBX=
[error occurred during error reporting (printing register info), id 0xc0000005]

Stack: [0x171f0000,0x17240000],  sp=0x1723f518,  free space=317k
Native frames: (J=compiled Java code, j=interpreted, Vv=VM code, C=native code)
V  [jvm.dll+0x15cf42]
V  [jvm.dll+0x15d02e]
V  [jvm.dll+0xd7694]
C  [Jpcap.dll+0x197e]
j  Odometro.ContadorBits.run()V+165
j  java.lang.Thread.run()V+11
v  ~StubRoutines::call_stub
V  [jvm.dll+0x15c065]
V  [jvm.dll+0x223ade]
V  [jvm.dll+0x15c0fe]
V  [jvm.dll+0x15c286]
V  [jvm.dll+0x15c2f7]
V  [jvm.dll+0x10016f]
V  [jvm.dll+0x17f280]
V  [jvm.dll+0x17fafa]
V  [jvm.dll+0x1c5416]
C  [msvcr100.dll+0x5c556]
C  [msvcr100.dll+0x5c600]
C  [KERNEL32.DLL+0x18484]
C  [ntdll.dll+0x6305a]
C  [ntdll.dll+0x6302a]
C  0x00000000

Java frames: (J=compiled Java code, j=interpreted, Vv=VM code)
J 163  jpcap.JpcapCaptor.processPacket(ILjpcap/PacketReceiver;)I (0 bytes) @ 0x0290f969 [0x0290f910+0x59]
j  Odometro.ContadorBits.run()V+165
j  java.lang.Thread.run()V+11
v  ~StubRoutines::call_stub

---------------  P R O C E S S  ---------------

Java Threads: ( => current thread )
  0x0048d000 JavaThread "DestroyJavaVM" [_thread_blocked, id=27932, stack(0x00d10000,0x00d60000)]
  0x16604400 JavaThread "Thread-7" [_thread_blocked, id=26444, stack(0x17e50000,0x17ea0000)]
  0x16601c00 JavaThread "Thread-6" [_thread_blocked, id=15484, stack(0x17cc0000,0x17d10000)]
  0x165ee800 JavaThread "Thread-5" [_thread_blocked, id=25772, stack(0x17c30000,0x17c80000)]
  0x165ee000 JavaThread "Thread-4" [_thread_blocked, id=18296, stack(0x17ba0000,0x17bf0000)]
=>0x165ed800 JavaThread "Thread-3" [_thread_in_vm, id=1688, stack(0x171f0000,0x17240000)]
  0x14bd2800 JavaThread "AWT-EventQueue-0" [_thread_blocked, id=23060, stack(0x16540000,0x16590000)]
  0x14ba7800 JavaThread "AWT-Windows" daemon [_thread_in_native, id=14960, stack(0x15180000,0x151d0000)]
  0x14ba6800 JavaThread "AWT-Shutdown" [_thread_blocked, id=27300, stack(0x150f0000,0x15140000)]
  0x14ba5c00 JavaThread "Java2D Disposer" daemon [_thread_blocked, id=10700, stack(0x15060000,0x150b0000)]
  0x14a37400 JavaThread "Service Thread" daemon [_thread_blocked, id=18780, stack(0x14e50000,0x14ea0000)]
  0x14a3b400 JavaThread "C1 CompilerThread0" daemon [_thread_blocked, id=27860, stack(0x14dc0000,0x14e10000)]
  0x14a3a400 JavaThread "Attach Listener" daemon [_thread_blocked, id=17980, stack(0x14d30000,0x14d80000)]
  0x14a38400 JavaThread "Signal Dispatcher" daemon [_thread_blocked, id=13056, stack(0x04990000,0x049e0000)]
  0x14a1a800 JavaThread "Finalizer" daemon [_thread_blocked, id=7984, stack(0x04900000,0x04950000)]
  0x14a04c00 JavaThread "Reference Handler" daemon [_thread_blocked, id=10996, stack(0x04870000,0x048c0000)]

Other Threads:
  0x00e5dc00 VMThread [stack: 0x01390000,0x013e0000] [id=16536]
  0x14a5c400 WatcherThread [stack: 0x14ee0000,0x14f30000] [id=4580]

VM state:not at safepoint (normal execution)

VM Mutex/Monitor currently owned by a thread:  ([mutex/lock_event])
[0x0048c6b8] JNIGlobalHandle_lock - owner thread: 0x165ed800

Heap:
 def new generation   total 4928K, used 2821K [0x04a00000, 0x04f50000, 0x09f50000)
  eden space 4416K,  52% used [0x04a00000, 0x04c41448, 0x04e50000)
  from space 512K, 100% used [0x04ed0000, 0x04f50000, 0x04f50000)
  to   space 512K,   0% used [0x04e50000, 0x04e50000, 0x04ed0000)
 tenured generation   total 10944K, used 1908K [0x09f50000, 0x0aa00000, 0x14a00000)
   the space 10944K,  17% used [0x09f50000, 0x0a12d1d8, 0x0a12d200, 0x0aa00000)
 Metaspace       used 6403K, capacity 6604K, committed 6656K, reserved 7552K

Card table byte_map: [0x00e60000,0x00ef0000] byte_map_base: 0x00e3b000

Polling page: 0x000c0000

CodeCache: size=32768Kb used=895Kb max_used=895Kb free=31872Kb
 bounds [0x02830000, 0x02910000, 0x04830000]
 total_blobs=386 nmethods=163 adapters=154
 compilation: enabled

Compilation events (10 events):
Event: 7.221 Thread 0x14a3b400  158             java.awt.image.Raster::getMinX (5 bytes)
Event: 7.221 Thread 0x14a3b400 nmethod 158 0x0290e588 code [0x0290e680, 0x0290e700]
Event: 7.221 Thread 0x14a3b400  159             java.awt.image.Raster::getMinY (5 bytes)
Event: 7.221 Thread 0x14a3b400 nmethod 159 0x0290e748 code [0x0290e840, 0x0290e8c0]
Event: 7.221 Thread 0x14a3b400  160             java.io.DataInputStream::readFully (63 bytes)
Event: 7.222 Thread 0x14a3b400 nmethod 160 0x0290e908 code [0x0290ea30, 0x0290ebd4]
Event: 7.222 Thread 0x14a3b400  161             sun.awt.image.ByteInterleavedRaster::setDataElements (263 bytes)
Event: 7.223 Thread 0x14a3b400 nmethod 161 0x0290ed48 code [0x0290ee90, 0x0290f2c4]
Event: 7.696 Thread 0x14a3b400  162             Odometro.ReceptorBits::<init> (15 bytes)
Event: 7.696 Thread 0x14a3b400 nmethod 162 0x0290fac8 code [0x0290fbc0, 0x0290fc60]

GC Heap History (2 events):
Event: 0.446 GC heap before
{Heap before GC invocations=0 (full 0):
 def new generation   total 4928K, used 4416K [0x04a00000, 0x04f50000, 0x09f50000)
  eden space 4416K, 100% used [0x04a00000, 0x04e50000, 0x04e50000)
  from space 512K,   0% used [0x04e50000, 0x04e50000, 0x04ed0000)
  to   space 512K,   0% used [0x04ed0000, 0x04ed0000, 0x04f50000)
 tenured generation   total 10944K, used 0K [0x09f50000, 0x0aa00000, 0x14a00000)
   the space 10944K,   0% used [0x09f50000, 0x09f50000, 0x09f50200, 0x0aa00000)
 Metaspace       used 5754K, capacity 5930K, committed 6016K, reserved 6528K
Event: 0.453 GC heap after
Heap after GC invocations=1 (full 0):
 def new generation   total 4928K, used 512K [0x04a00000, 0x04f50000, 0x09f50000)
  eden space 4416K,   0% used [0x04a00000, 0x04a00000, 0x04e50000)
  from space 512K, 100% used [0x04ed0000, 0x04f50000, 0x04f50000)
  to   space 512K,   0% used [0x04e50000, 0x04e50000, 0x04ed0000)
 tenured generation   total 10944K, used 1908K [0x09f50000, 0x0aa00000, 0x14a00000)
   the space 10944K,  17% used [0x09f50000, 0x0a12d1d8, 0x0a12d200, 0x0aa00000)
 Metaspace       used 5754K, capacity 5930K, committed 6016K, reserved 6528K
}

Deoptimization events (0 events):
No events

Classes redefined (0 events):
No events

Internal exceptions (10 events):
Event: 0.055 Thread 0x0048d000 Exception <a 'java/lang/NoSuchMethodError': Method sun.misc.Unsafe.defineClass(Ljava/lang/String;[BII)Ljava/lang/Class; name or signature does not match> (0x04a06ea8) thrown at [C:\workspace\8-2-build-windows-i586-cygwin\jdk8u181\11358\hotspot\src\share\v
Event: 0.055 Thread 0x0048d000 Exception <a 'java/lang/NoSuchMethodError': Method sun.misc.Unsafe.prefetchRead(Ljava/lang/Object;J)V name or signature does not match> (0x04a07178) thrown at [C:\workspace\8-2-build-windows-i586-cygwin\jdk8u181\11358\hotspot\src\share\vm\prims\jni.cpp, l
Event: 0.160 Thread 0x0048d000 Exception <a 'java/security/PrivilegedActionException'> (0x04a81c48) thrown at [C:\workspace\8-2-build-windows-i586-cygwin\jdk8u181\11358\hotspot\src\share\vm\prims\jvm.cpp, line 1435]
Event: 0.160 Thread 0x0048d000 Exception <a 'java/security/PrivilegedActionException'> (0x04a81e48) thrown at [C:\workspace\8-2-build-windows-i586-cygwin\jdk8u181\11358\hotspot\src\share\vm\prims\jvm.cpp, line 1435]
Event: 0.162 Thread 0x0048d000 Exception <a 'java/security/PrivilegedActionException'> (0x04a9c0a8) thrown at [C:\workspace\8-2-build-windows-i586-cygwin\jdk8u181\11358\hotspot\src\share\vm\prims\jvm.cpp, line 1435]
Event: 0.162 Thread 0x0048d000 Exception <a 'java/security/PrivilegedActionException'> (0x04a9c2a8) thrown at [C:\workspace\8-2-build-windows-i586-cygwin\jdk8u181\11358\hotspot\src\share\vm\prims\jvm.cpp, line 1435]
Event: 0.171 Thread 0x0048d000 Exception <a 'java/io/FileNotFoundException'> (0x04a9e270) thrown at [C:\workspace\8-2-build-windows-i586-cygwin\jdk8u181\11358\hotspot\src\share\vm\prims\jni.cpp, line 709]
Event: 0.228 Thread 0x0048d000 Exception <a 'java/lang/NoSuchFieldError': method resolution failed> (0x04b5c270) thrown at [C:\workspace\8-2-build-windows-i586-cygwin\jdk8u181\11358\hotspot\src\share\vm\prims\methodHandles.cpp, line 1167]
Event: 0.229 Thread 0x0048d000 Exception <a 'java/lang/NoSuchFieldError': method resolution failed> (0x04b68460) thrown at [C:\workspace\8-2-build-windows-i586-cygwin\jdk8u181\11358\hotspot\src\share\vm\prims\methodHandles.cpp, line 1167]
Event: 0.311 Thread 0x0048d000 Exception <a 'java/io/FileNotFoundException'> (0x04c506d8) thrown at [C:\workspace\8-2-build-windows-i586-cygwin\jdk8u181\11358\hotspot\src\share\vm\prims\jni.cpp, line 709]

Events (10 events):
Event: 1.352 loading class jpcap/packet/IPv6Option
Event: 1.352 loading class jpcap/packet/IPv6Option done
Event: 1.352 loading class jpcap/packet/ARPPacket
Event: 1.352 loading class jpcap/packet/ARPPacket done
Event: 4.189 Executing VM operation: EnableBiasedLocking
Event: 4.189 Executing VM operation: EnableBiasedLocking done
Event: 7.210 loading class java/applet/Applet
Event: 7.210 loading class java/awt/Panel
Event: 7.210 loading class java/awt/Panel done
Event: 7.210 loading class java/applet/Applet done


Dynamic libraries:
0x013e0000 - 0x01413000 	C:\Program Files (x86)\Java\jdk1.8.0_181\bin\java.exe
0x77760000 - 0x778f0000 	C:\WINDOWS\SYSTEM32\ntdll.dll
0x771b0000 - 0x77290000 	C:\WINDOWS\System32\KERNEL32.DLL
0x6d4d0000 - 0x6d4ff000 	C:\Program Files\AVAST Software\Avast\aswhookx.dll
0x76410000 - 0x765f4000 	C:\WINDOWS\System32\KERNELBASE.dll
0x73f70000 - 0x7400d000 	C:\WINDOWS\SYSTEM32\apphelp.dll
0x772f0000 - 0x77368000 	C:\WINDOWS\System32\ADVAPI32.dll
0x76f50000 - 0x7700f000 	C:\WINDOWS\System32\msvcrt.dll
0x77420000 - 0x77464000 	C:\WINDOWS\System32\sechost.dll
0x76650000 - 0x76710000 	C:\WINDOWS\System32\RPCRT4.dll
0x74020000 - 0x74040000 	C:\WINDOWS\System32\SspiCli.dll
0x74010000 - 0x7401a000 	C:\WINDOWS\System32\CRYPTBASE.dll
0x77610000 - 0x77668000 	C:\WINDOWS\System32\bcryptPrimitives.dll
0x76cf0000 - 0x76e7d000 	C:\WINDOWS\System32\USER32.dll
0x74040000 - 0x74057000 	C:\WINDOWS\System32\win32u.dll
0x77470000 - 0x77492000 	C:\WINDOWS\System32\GDI32.dll
0x74ec0000 - 0x75024000 	C:\WINDOWS\System32\gdi32full.dll
0x77080000 - 0x770fd000 	C:\WINDOWS\System32\msvcp_win.dll
0x744b0000 - 0x745ce000 	C:\WINDOWS\System32\ucrtbase.dll
0x6d1a0000 - 0x6d3a4000 	C:\WINDOWS\WinSxS\x86_microsoft.windows.common-controls_6595b64144ccf1df_6.0.17134.285_none_42efceba44e1907b\COMCTL32.dll
0x74060000 - 0x742bc000 	C:\WINDOWS\System32\combase.dll
0x76600000 - 0x76626000 	C:\WINDOWS\System32\IMM32.DLL
0x5ee80000 - 0x5ef3f000 	C:\Program Files (x86)\Java\jdk1.8.0_181\jre\bin\msvcr100.dll
0x6ccd0000 - 0x6d0a3000 	C:\Program Files (x86)\Java\jdk1.8.0_181\jre\bin\client\jvm.dll
0x77290000 - 0x77296000 	C:\WINDOWS\System32\PSAPI.DLL
0x72d70000 - 0x72d78000 	C:\WINDOWS\SYSTEM32\WSOCK32.dll
0x77010000 - 0x77077000 	C:\WINDOWS\System32\WS2_32.dll
0x73bb0000 - 0x73bd4000 	C:\WINDOWS\SYSTEM32\WINMM.dll
0x73b60000 - 0x73b68000 	C:\WINDOWS\SYSTEM32\VERSION.dll
0x73900000 - 0x73923000 	C:\WINDOWS\SYSTEM32\WINMMBASE.dll
0x77170000 - 0x771a9000 	C:\WINDOWS\System32\cfgmgr32.dll
0x6d940000 - 0x6d94c000 	C:\Program Files (x86)\Java\jdk1.8.0_181\jre\bin\verify.dll
0x6c8d0000 - 0x6c8f2000 	C:\Program Files (x86)\Java\jdk1.8.0_181\jre\bin\java.dll
0x6cb50000 - 0x6cb64000 	C:\Program Files (x86)\Java\jdk1.8.0_181\jre\bin\zip.dll
0x75030000 - 0x7637a000 	C:\WINDOWS\System32\SHELL32.dll
0x76380000 - 0x76408000 	C:\WINDOWS\System32\shcore.dll
0x76730000 - 0x76cea000 	C:\WINDOWS\System32\windows.storage.dll
0x772a0000 - 0x772e5000 	C:\WINDOWS\System32\shlwapi.dll
0x77100000 - 0x7710f000 	C:\WINDOWS\System32\kernel.appcore.dll
0x77400000 - 0x77418000 	C:\WINDOWS\System32\profapi.dll
0x742c0000 - 0x74305000 	C:\WINDOWS\System32\powrprof.dll
0x76710000 - 0x76718000 	C:\WINDOWS\System32\FLTLIB.DLL
0x6c9f0000 - 0x6cb37000 	C:\Program Files (x86)\Java\jdk1.8.0_181\jre\bin\awt.dll
0x74310000 - 0x743a6000 	C:\WINDOWS\System32\OLEAUT32.dll
0x73be0000 - 0x73c5c000 	C:\WINDOWS\system32\uxtheme.dll
0x74c00000 - 0x74d44000 	C:\WINDOWS\System32\MSCTF.dll
0x73b00000 - 0x73b23000 	C:\WINDOWS\system32\dwmapi.dll
0x743b0000 - 0x744ac000 	C:\WINDOWS\System32\ole32.dll
0x65500000 - 0x655d9000 	C:\WINDOWS\system32\opengl32.dll
0x64a40000 - 0x64a7f000 	C:\WINDOWS\SYSTEM32\GLU32.dll
0x6c340000 - 0x6c379000 	C:\Program Files (x86)\Java\jdk1.8.0_181\jre\bin\fontmanager.dll
0x6d120000 - 0x6d19d000 	C:\WINDOWS\System32\TextInputFramework.dll
0x65c00000 - 0x65e5d000 	C:\WINDOWS\System32\CoreUIComponents.dll
0x6ff80000 - 0x6ffa9000 	C:\WINDOWS\SYSTEM32\ntmarta.dll
0x16990000 - 0x16a1b000 	C:\WINDOWS\System32\CoreMessaging.dll
0x16a20000 - 0x16af6000 	C:\WINDOWS\SYSTEM32\wintypes.dll
0x64ac0000 - 0x64b16000 	C:\WINDOWS\system32\Oleacc.dll
0x15310000 - 0x15338000 	C:\Windows\System32\Jpcap.dll
0x72ff0000 - 0x73020000 	C:\WINDOWS\SYSTEM32\iphlpapi.dll
0x16fc0000 - 0x1700c000 	C:\WINDOWS\SYSTEM32\wpcap.dll
0x049e0000 - 0x049f8000 	C:\WINDOWS\SYSTEM32\packet.dll
0x77110000 - 0x77117000 	C:\WINDOWS\System32\NSI.dll
0x70a00000 - 0x70a13000 	C:\WINDOWS\SYSTEM32\dhcpcsvc6.DLL
0x6ff10000 - 0x6ff24000 	C:\WINDOWS\SYSTEM32\dhcpcsvc.DLL
0x72540000 - 0x72553000 	C:\WINDOWS\SYSTEM32\CRYPTSP.dll
0x72510000 - 0x7253f000 	C:\WINDOWS\system32\rsaenh.dll
0x72fd0000 - 0x72fe9000 	C:\WINDOWS\SYSTEM32\bcrypt.dll
0x73b30000 - 0x73b51000 	C:\WINDOWS\SYSTEM32\USERENV.dll
0x6c830000 - 0x6c845000 	C:\Program Files (x86)\Java\jdk1.8.0_181\jre\bin\net.dll
0x70300000 - 0x70356000 	C:\WINDOWS\system32\mswsock.dll
0x6d3b0000 - 0x6d3bf000 	C:\Program Files (x86)\Java\jdk1.8.0_181\jre\bin\nio.dll
0x72680000 - 0x72802000 	C:\WINDOWS\SYSTEM32\dbghelp.dll

VM Arguments:
jvm_args: -Dfile.encoding=UTF-8 
java_command: Odometro.Main
java_class_path (initial): C:\Users\Daniel\Desktop\redes\proyecto\jars\jpcap.jar;C:\Users\Daniel\Desktop\redes\proyecto\imag;C:\Users\Daniel\Desktop\redes\proyecto\build\classes
Launcher Type: SUN_STANDARD

Environment Variables:
PATH=C:\Program Files (x86)\Common Files\Oracle\Java\javapath;C:\ProgramData\Oracle\Java\javapath;C:\Program Files (x86)\Lenovo\FusionEngine;C:\Program Files (x86)\Intel\iCLS Client\;C:\Program Files\Intel\iCLS Client\;C:\WINDOWS\system32;C:\WINDOWS;C:\WINDOWS\System32\Wbem;C:\WINDOWS\System32\WindowsPowerShell\v1.0\;C:\Program Files\Intel\Intel(R) Management Engine Components\DAL;C:\Program Files\Intel\Intel(R) Management Engine Components\IPT;C:\Program Files (x86)\Intel\Intel(R) Management Engine Components\DAL;C:\Program Files (x86)\Intel\Intel(R) Management Engine Components\IPT;C:\Program Files\Lenovo\Bluetooth Software\;C:\Program Files\Lenovo\Bluetooth Software\syswow64;C:\Program Files (x86)\Lenovo\Motion Control\;C:\Program Files (x86)\Common Files\lenovo\easyplussdk\bin;C:\Program Files (x86)\IVI Foundation\VISA\WinNT\Bin;C:\Program Files (x86)\GtkSharp\2.12\bin;C:\Program Files (x86)\NVIDIA Corporation\PhysX\Common;C:\HashiCorp\Vagrant\bin;C:\WINDOWS\system32;C:\WINDOWS;C:\WINDOWS\System32\Wbem;C:\WINDOWS\System32\WindowsPowerShell\v1.0\;C:\WINDOWS\System32\OpenSSH\;C:\Program Files\Git\cmd;C:\Program Files\dotnet\;C:\Program Files\Microsoft VS Code\bin;C:\cygwin64\bin;C:\Users\Daniel\AppData\Local\Programs\Python\Python37-32\Scripts\;C:\Users\Daniel\AppData\Local\Programs\Python\Python37-32\;C:\Users\Daniel\AppData\Local\Microsoft\WindowsApps;C:\Users\Daniel\.dotnet\tools
USERNAME=Daniel
OS=Windows_NT
PROCESSOR_IDENTIFIER=Intel64 Family 6 Model 60 Stepping 3, GenuineIntel



---------------  S Y S T E M  ---------------

OS: Windows 10.0 , 64 bit Build 17134 (10.0.17134.1)

CPU:total 8 (initial active 8) (4 cores per cpu, 2 threads per core) family 6 model 60 stepping 3, cmov, cx8, fxsr, mmx, sse, sse2, sse3, ssse3, sse4.1, sse4.2, popcnt, avx, avx2, aes, clmul, erms, lzcnt, ht, tsc, tscinvbit, bmi1, bmi2

Memory: 4k page, physical 16687384k(6749216k free), swap 28012684k(7121372k free)

vm_info: Java HotSpot(TM) Client VM (25.181-b13) for windows-x86 JRE (1.8.0_181-b13), built on Jul  7 2018 03:18:20 by "java_re" with MS VC++ 10.0 (VS2010)

time: Sun Sep 30 10:27:34 2018
elapsed time: 8 seconds (0d 0h 0m 8s)

