#
# A fatal error has been detected by the Java Runtime Environment:
#
#  EXCEPTION_ACCESS_VIOLATION (0xc0000005) at pc=0x6fc26b9e, pid=9644, tid=0x00000464
#
# JRE version: Java(TM) SE Runtime Environment (8.0_181-b13) (build 1.8.0_181-b13)
# Java VM: Java HotSpot(TM) Client VM (25.181-b13 mixed mode windows-x86 )
# Problematic frame:
# V  [jvm.dll+0xe6b9e]
#
# Failed to write core dump. Minidumps are not enabled by default on client versions of Windows
#
# If you would like to submit a bug report, please visit:
#   http://bugreport.java.com/bugreport/crash.jsp
#

---------------  T H R E A D  ---------------

Current thread (0x1520b400):  JavaThread "Thread-1" [_thread_in_vm, id=1124, stack(0x15d90000,0x15de0000)]

siginfo: ExceptionCode=0xc0000005, reading address 0x00000000

Registers:
EAX=0x00000000, EBX=0x00000000, ECX=0x00000000, EDX=0x6fe9b7c8
ESP=0x15ddeffc, EBP=0x15ddf018, ESI=0x00000000, EDI=0x1520b400
EIP=0x6fc26b9e, EFLAGS=0x00010246

Top of Stack: (sp=0x15ddeffc)
0x15ddeffc:   02bbdb6c 1520b540 00000000 1520b400
0x15ddf00c:   00000000 1520b400 00000000 15ddf088
0x15ddf01c:   15813bb3 1520b540 00000000 00000000
0x15ddf02c:   00000006 15ddf088 15ddf718 15ddf088
0x15ddf03c:   15ddf718 15812fe5 02bbdb70 15ddf088
0x15ddf04c:   00000001 1520b540 15ddf718 15ddf71c
0x15ddf05c:   bddb9d03 00000000 15ddf718 15812e17
0x15ddf06c:   15812e47 15ddf718 ffffffff 1520b400 

Instructions: (pc=0x6fc26b9e)
0x6fc26b7e:   c4 08 83 7f 04 00 89 7d f0 c7 45 f4 00 00 00 00
0x6fc26b8e:   74 08 8d 4d f0 e8 c8 3b 0c 00 8b 75 10 8b 45 0c
0x6fc26b9e:   8b 10 85 f6 78 32 8b 45 14 85 c0 78 2b 8d 0c 06
0x6fc26bae:   3b 4a 08 77 23 85 c0 7e 3a 8b 4a 04 8b 49 04 83 


Register to memory mapping:

EAX=0x00000000 is an unknown value
EBX=0x00000000 is an unknown value
ECX=0x00000000 is an unknown value
EDX=0x6fe9b7c8 is an unknown value
ESP=0x15ddeffc is pointing into the stack for thread: 0x1520b400
EBP=0x15ddf018 is pointing into the stack for thread: 0x1520b400
ESI=0x00000000 is an unknown value
EDI=0x1520b400 is a thread


Stack: [0x15d90000,0x15de0000],  sp=0x15ddeffc,  free space=315k
Native frames: (J=compiled Java code, j=interpreted, Vv=VM code, C=native code)
V  [jvm.dll+0xe6b9e]
C  [Jpcap.dll+0x3bb3]
C  0xb6b4fffe

Java frames: (J=compiled Java code, j=interpreted, Vv=VM code)
j  jpcap.JpcapSender.nativeSendPacket(Ljpcap/packet/Packet;)V+0
j  jpcap.JpcapSender.sendPacket(Ljpcap/packet/Packet;)V+19
j  Firewall.Conexion.run()V+226
j  java.lang.Thread.run()V+11
v  ~StubRoutines::call_stub

---------------  P R O C E S S  ---------------

Java Threads: ( => current thread )
  0x029fc400 JavaThread "DestroyJavaVM" [_thread_blocked, id=6240, stack(0x00ff0000,0x01040000)]
  0x15210800 JavaThread "Thread-3" [_thread_in_native, id=4308, stack(0x160e0000,0x16130000)]
  0x1520bc00 JavaThread "Thread-2" [_thread_in_native, id=9780, stack(0x16050000,0x160a0000)]
=>0x1520b400 JavaThread "Thread-1" [_thread_in_vm, id=1124, stack(0x15d90000,0x15de0000)]
  0x1520a800 JavaThread "Thread-0" [_thread_in_native, id=4120, stack(0x15990000,0x159e0000)]
  0x1516a800 JavaThread "Service Thread" daemon [_thread_blocked, id=3624, stack(0x15730000,0x15780000)]
  0x1514a000 JavaThread "C1 CompilerThread0" daemon [_thread_blocked, id=3572, stack(0x156a0000,0x156f0000)]
  0x15149000 JavaThread "Attach Listener" daemon [_thread_blocked, id=8096, stack(0x15610000,0x15660000)]
  0x15147000 JavaThread "Signal Dispatcher" daemon [_thread_blocked, id=1612, stack(0x15580000,0x155d0000)]
  0x15129c00 JavaThread "Finalizer" daemon [_thread_blocked, id=10088, stack(0x153e0000,0x15430000)]
  0x15114400 JavaThread "Reference Handler" daemon [_thread_blocked, id=2512, stack(0x15350000,0x153a0000)]

Other Threads:
  0x02bbd000 VMThread [stack: 0x150c0000,0x15110000] [id=7796]
  0x15175800 WatcherThread [stack: 0x157c0000,0x15810000] [id=3080]

VM state:synchronizing (normal execution)

VM Mutex/Monitor currently owned by a thread:  ([mutex/lock_event])
[0x029fb0a8] Threads_lock - owner thread: 0x02bbd000

Heap:
 def new generation   total 4928K, used 1098K [0x04c00000, 0x05150000, 0x0a150000)
  eden space 4416K,  24% used [0x04c00000, 0x04d12a10, 0x05050000)
  from space 512K,   0% used [0x05050000, 0x05050000, 0x050d0000)
  to   space 512K,   0% used [0x050d0000, 0x050d0000, 0x05150000)
 tenured generation   total 10944K, used 0K [0x0a150000, 0x0ac00000, 0x14c00000)
   the space 10944K,   0% used [0x0a150000, 0x0a150000, 0x0a150200, 0x0ac00000)
 Metaspace       used 2251K, capacity 2320K, committed 2368K, reserved 4480K

Card table byte_map: [0x02a00000,0x02a90000] byte_map_base: 0x029da000

Polling page: 0x01040000

CodeCache: size=32768Kb used=693Kb max_used=693Kb free=32074Kb
 bounds [0x02bc0000, 0x02c70000, 0x04bc0000]
 total_blobs=171 nmethods=27 adapters=76
 compilation: enabled

Compilation events (10 events):
Event: 0.144 Thread 0x1514a000   23             java.net.URI$Parser::charAt (9 bytes)
Event: 0.144 Thread 0x1514a000 nmethod 23 0x02c6a7c8 code [0x02c6a8d0, 0x02c6a9cc]
Event: 0.152 Thread 0x1514a000   24             java.lang.String::replace (127 bytes)
Event: 0.153 Thread 0x1514a000 nmethod 24 0x02c6ab08 code [0x02c6ac20, 0x02c6aea0]
Event: 0.462 Thread 0x1514a000   25             java.lang.Math::min (11 bytes)
Event: 0.462 Thread 0x1514a000 nmethod 25 0x02c6b108 code [0x02c6b200, 0x02c6b270]
Event: 0.594 Thread 0x1514a000   26   !         java.io.BufferedReader::readLine (304 bytes)
Event: 0.599 Thread 0x1514a000 nmethod 26 0x02c6b2c8 code [0x02c6b480, 0x02c6bff4]
Event: 0.620 Thread 0x1514a000   27             java.lang.String::startsWith (72 bytes)
Event: 0.621 Thread 0x1514a000 nmethod 27 0x02c6cf48 code [0x02c6d050, 0x02c6d180]

GC Heap History (0 events):
No events

Deoptimization events (0 events):
No events

Classes redefined (0 events):
No events

Internal exceptions (2 events):
Event: 0.044 Thread 0x029fc400 Exception <a 'java/lang/NoSuchMethodError': Method sun.misc.Unsafe.defineClass(Ljava/lang/String;[BII)Ljava/lang/Class; name or signature does not match> (0x04c06ea8) thrown at [C:\workspace\8-2-build-windows-i586-cygwin\jdk8u181\11358\hotspot\src\share\v
Event: 0.044 Thread 0x029fc400 Exception <a 'java/lang/NoSuchMethodError': Method sun.misc.Unsafe.prefetchRead(Ljava/lang/Object;J)V name or signature does not match> (0x04c07178) thrown at [C:\workspace\8-2-build-windows-i586-cygwin\jdk8u181\11358\hotspot\src\share\vm\prims\jni.cpp, l

Events (10 events):
Event: 0.623 loading class jpcap/packet/UDPPacket
Event: 0.623 loading class jpcap/packet/UDPPacket done
Event: 0.624 loading class jpcap/packet/ICMPPacket
Event: 0.624 loading class jpcap/packet/ICMPPacket done
Event: 0.625 loading class jpcap/packet/IPv6Option
Event: 0.625 loading class jpcap/packet/IPv6Option done
Event: 0.626 loading class jpcap/packet/ARPPacket
Event: 0.626 loading class jpcap/packet/ARPPacket done
Event: 0.640 loading class jpcap/JpcapSender
Event: 0.640 loading class jpcap/JpcapSender done


Dynamic libraries:
0x00ab0000 - 0x00ae3000 	C:\Program Files (x86)\Java\jdk1.8.0_181\bin\java.exe
0x77450000 - 0x775e0000 	C:\WINDOWS\SYSTEM32\ntdll.dll
0x77100000 - 0x771e0000 	C:\WINDOWS\System32\KERNEL32.DLL
0x76a90000 - 0x76c74000 	C:\WINDOWS\System32\KERNELBASE.dll
0x700c0000 - 0x7015d000 	C:\WINDOWS\SYSTEM32\apphelp.dll
0x76730000 - 0x767a8000 	C:\WINDOWS\System32\ADVAPI32.dll
0x74790000 - 0x7484f000 	C:\WINDOWS\System32\msvcrt.dll
0x73e20000 - 0x73e64000 	C:\WINDOWS\System32\sechost.dll
0x76c80000 - 0x76d40000 	C:\WINDOWS\System32\RPCRT4.dll
0x73d10000 - 0x73d30000 	C:\WINDOWS\System32\SspiCli.dll
0x73d00000 - 0x73d0a000 	C:\WINDOWS\System32\CRYPTBASE.dll
0x748a0000 - 0x748f8000 	C:\WINDOWS\System32\bcryptPrimitives.dll
0x74b30000 - 0x74cbd000 	C:\WINDOWS\System32\USER32.dll
0x73e00000 - 0x73e17000 	C:\WINDOWS\System32\win32u.dll
0x740c0000 - 0x740e2000 	C:\WINDOWS\System32\GDI32.dll
0x76d40000 - 0x76ea4000 	C:\WINDOWS\System32\gdi32full.dll
0x772e0000 - 0x7735d000 	C:\WINDOWS\System32\msvcp_win.dll
0x74980000 - 0x74a9e000 	C:\WINDOWS\System32\ucrtbase.dll
0x72980000 - 0x72b84000 	C:\WINDOWS\WinSxS\x86_microsoft.windows.common-controls_6595b64144ccf1df_6.0.17134.407_none_42f1d43a44dfbaef\COMCTL32.dll
0x76820000 - 0x76a7c000 	C:\WINDOWS\System32\combase.dll
0x73d30000 - 0x73d56000 	C:\WINDOWS\System32\IMM32.DLL
0x6ff20000 - 0x6ffdf000 	C:\Program Files (x86)\Java\jdk1.8.0_181\jre\bin\msvcr100.dll
0x6fb40000 - 0x6ff13000 	C:\Program Files (x86)\Java\jdk1.8.0_181\jre\bin\client\jvm.dll
0x77060000 - 0x77066000 	C:\WINDOWS\System32\PSAPI.DLL
0x733f0000 - 0x73414000 	C:\WINDOWS\SYSTEM32\WINMM.dll
0x6fb30000 - 0x6fb38000 	C:\WINDOWS\SYSTEM32\WSOCK32.dll
0x733e0000 - 0x733e8000 	C:\WINDOWS\SYSTEM32\VERSION.dll
0x77070000 - 0x770d7000 	C:\WINDOWS\System32\WS2_32.dll
0x73080000 - 0x730a3000 	C:\WINDOWS\SYSTEM32\winmmbase.dll
0x76eb0000 - 0x76ee9000 	C:\WINDOWS\System32\cfgmgr32.dll
0x6fb20000 - 0x6fb2c000 	C:\Program Files (x86)\Java\jdk1.8.0_181\jre\bin\verify.dll
0x6faf0000 - 0x6fb12000 	C:\Program Files (x86)\Java\jdk1.8.0_181\jre\bin\java.dll
0x6fad0000 - 0x6fae4000 	C:\Program Files (x86)\Java\jdk1.8.0_181\jre\bin\zip.dll
0x753e0000 - 0x7672a000 	C:\WINDOWS\System32\SHELL32.dll
0x74aa0000 - 0x74b28000 	C:\WINDOWS\System32\shcore.dll
0x741d0000 - 0x74789000 	C:\WINDOWS\System32\windows.storage.dll
0x74070000 - 0x740b5000 	C:\WINDOWS\System32\shlwapi.dll
0x753d0000 - 0x753df000 	C:\WINDOWS\System32\kernel.appcore.dll
0x73f00000 - 0x73f18000 	C:\WINDOWS\System32\profapi.dll
0x74850000 - 0x74895000 	C:\WINDOWS\System32\powrprof.dll
0x76a80000 - 0x76a88000 	C:\WINDOWS\System32\FLTLIB.DLL
0x15810000 - 0x15838000 	C:\Users\briam\Documents\GitHub\redes\proyecto2\firewall\jars\Jpcap.dll
0x73950000 - 0x73980000 	C:\WINDOWS\SYSTEM32\iphlpapi.dll
0x15840000 - 0x1588c000 	C:\WINDOWS\SYSTEM32\wpcap.dll
0x02a90000 - 0x02aa8000 	C:\WINDOWS\SYSTEM32\packet.dll
0x770e0000 - 0x770e7000 	C:\WINDOWS\System32\NSI.dll
0x73750000 - 0x73763000 	C:\WINDOWS\SYSTEM32\dhcpcsvc6.DLL
0x737a0000 - 0x737b4000 	C:\WINDOWS\SYSTEM32\dhcpcsvc.DLL
0x6fab0000 - 0x6fac5000 	C:\Program Files (x86)\Java\jdk1.8.0_181\jre\bin\net.dll
0x73bd0000 - 0x73c26000 	C:\WINDOWS\system32\mswsock.dll
0x73220000 - 0x733a2000 	C:\WINDOWS\SYSTEM32\dbghelp.dll

VM Arguments:
jvm_args: -Dfile.encoding=UTF-8 -Djava.library.path=C:\Users\briam\Documents\GitHub\redes\proyecto2\firewall\jars 
java_command: Firewall.Main
java_class_path (initial): C:\Users\briam\Documents\GitHub\redes\proyecto2\firewall\jars\jpcap.jar;C:\Users\briam\Documents\GitHub\redes\proyecto2\firewall\build\classes
Launcher Type: SUN_STANDARD

Environment Variables:
PATH=C:\Program Files (x86)\Common Files\Oracle\Java\javapath;C:\WINDOWS\system32;C:\WINDOWS;C:\WINDOWS\System32\Wbem;C:\WINDOWS\System32\WindowsPowerShell\v1.0\;C:\WINDOWS\System32\OpenSSH\;C:\MinGW\bin;C:\Program Files\Git\cmd;C:\Program Files\Git\mingw64\bin;C:\Program Files\Git\usr\bin;C:\Users\briam\AppData\Local\Microsoft\WindowsApps;C:\Program Files (x86)\CodeBlocks\MinGW\bin;C:\Python;C:\Program Files (x86)\Java\jre7\bin
USERNAME=briam
OS=Windows_NT
PROCESSOR_IDENTIFIER=Intel64 Family 6 Model 58 Stepping 9, GenuineIntel



---------------  S Y S T E M  ---------------

OS: Windows 10.0 , 64 bit Build 17134 (10.0.17134.1)

CPU:total 4 (initial active 4) (2 cores per cpu, 2 threads per core) family 6 model 58 stepping 9, cmov, cx8, fxsr, mmx, sse, sse2, sse3, ssse3, sse4.1, sse4.2, popcnt, avx, aes, clmul, erms, ht, tsc, tscinvbit, tscinv

Memory: 4k page, physical 4088092k(1167588k free), swap 7627036k(3249556k free)

vm_info: Java HotSpot(TM) Client VM (25.181-b13) for windows-x86 JRE (1.8.0_181-b13), built on Jul  7 2018 03:18:20 by "java_re" with MS VC++ 10.0 (VS2010)

time: Mon Nov 19 11:38:42 2018
elapsed time: 1 seconds (0d 0h 0m 1s)

