#
# A fatal error has been detected by the Java Runtime Environment:
#
#  EXCEPTION_ACCESS_VIOLATION (0xc0000005) at pc=0x6c787afb, pid=30676, tid=0x00007584
#
# JRE version: Java(TM) SE Runtime Environment (8.0_181-b13) (build 1.8.0_181-b13)
# Java VM: Java HotSpot(TM) Client VM (25.181-b13 mixed mode, sharing windows-x86 )
# Problematic frame:
# V  [jvm.dll+0xd7afb]
#
# Failed to write core dump. Minidumps are not enabled by default on client versions of Windows
#
# If you would like to submit a bug report, please visit:
#   http://bugreport.java.com/bugreport/crash.jsp
#

---------------  T H R E A D  ---------------

Current thread (0x1741c000):  JavaThread "Thread-6" [_thread_in_vm, id=30084, stack(0x16ec0000,0x16f10000)]

siginfo: ExceptionCode=0xc0000005, reading address 0x00000000

Registers:
EAX=0x00000000, EBX=0x1741c140, ECX=0x00000000, EDX=0x6c787aa0
ESP=0x16f0f334, EBP=0x16f0f350, ESI=0x1741c000, EDI=0x0000029c
EIP=0x6c787afb, EFLAGS=0x00010246

Top of Stack: (sp=0x16f0f334)
0x16f0f334:   0000029c 1741c140 00000006 1741c000
0x16f0f344:   00000000 16f0f374 16c17af8 16f0f384
0x16f0f354:   00f02251 1741c140 00000000 00000004
0x16f0f364:   1741c140 16c178a8 000002b0 00000800
0x16f0f374:   00f24f50 16c17b0c 00000006 76522550
0x16f0f384:   000002be 00f01ede 5bb2b729 000d6ad6
0x16f0f394:   000002be 000002be 16c17b0c 16f0f3b4
0x16f0f3a4:   00000014 16c17af8 16c178a8 15fa5d26 

Instructions: (pc=0x6c787afb)
0x6c787adb:   f2 ff 83 c4 08 83 7e 04 00 89 75 f0 c7 45 f4 00
0x6c787aeb:   00 00 00 74 08 8d 4d f0 e8 68 2c 0d 00 8b 45 0c
0x6c787afb:   8b 00 50 e8 8d b2 f6 ff 8b f8 8b 17 8b 42 3c 83
0x6c787b0b:   c4 04 56 6a 00 8b cf ff d0 83 7e 04 00 74 04 33 


Register to memory mapping:

EAX=0x00000000 is an unknown value
EBX=0x1741c140 is an unknown value
ECX=0x00000000 is an unknown value
EDX=0x6c787aa0 is an unknown value
ESP=0x16f0f334 is pointing into the stack for thread: 0x1741c000
EBP=0x16f0f350 is pointing into the stack for thread: 0x1741c000
ESI=0x1741c000 is a thread
EDI=0x0000029c is an unknown value


Stack: [0x16ec0000,0x16f10000],  sp=0x16f0f334,  free space=316k
Native frames: (J=compiled Java code, j=interpreted, Vv=VM code, C=native code)
V  [jvm.dll+0xd7afb]
C  [Jpcap.dll+0x2251]
C  [Jpcap.dll+0x1ede]

Java frames: (J=compiled Java code, j=interpreted, Vv=VM code)
j  jpcap.JpcapCaptor.processPacket(ILjpcap/PacketReceiver;)I+0
j  Odometro.ContadorBits.run()V+164
j  java.lang.Thread.run()V+11
v  ~StubRoutines::call_stub

---------------  P R O C E S S  ---------------

Java Threads: ( => current thread )
=>0x1741c000 JavaThread "Thread-6" [_thread_in_vm, id=30084, stack(0x16ec0000,0x16f10000)]
  0x1741ac00 JavaThread "Thread-5" [_thread_in_native, id=20736, stack(0x16e30000,0x16e80000)]
  0x1741a400 JavaThread "Thread-4" [_thread_in_native, id=28688, stack(0x16da0000,0x16df0000)]
  0x1740f800 JavaThread "Thread-3" [_thread_in_native, id=30212, stack(0x16d10000,0x16d60000)]
  0x1740f000 JavaThread "Thread-2" [_thread_in_native, id=16276, stack(0x16150000,0x161a0000)]
  0x002acc00 JavaThread "DestroyJavaVM" [_thread_blocked, id=3444, stack(0x023e0000,0x02430000)]
  0x15ae3000 JavaThread "AWT-EventQueue-0" [_thread_in_vm, id=26564, stack(0x15f40000,0x15f90000)]
  0x15ac9000 JavaThread "AWT-Windows" daemon [_thread_in_native, id=9768, stack(0x15e60000,0x15eb0000)]
  0x15ac8800 JavaThread "AWT-Shutdown" [_thread_blocked, id=31492, stack(0x15dd0000,0x15e20000)]
  0x15ac7c00 JavaThread "Java2D Disposer" daemon [_thread_blocked, id=31440, stack(0x15d40000,0x15d90000)]
  0x0095b000 JavaThread "Service Thread" daemon [_thread_blocked, id=31484, stack(0x15360000,0x153b0000)]
  0x00941400 JavaThread "C1 CompilerThread0" daemon [_thread_blocked, id=29768, stack(0x152d0000,0x15320000)]
  0x00940400 JavaThread "Attach Listener" daemon [_thread_blocked, id=24892, stack(0x15280000,0x152d0000)]
  0x0093e400 JavaThread "Signal Dispatcher" daemon [_thread_blocked, id=30228, stack(0x14730000,0x14780000)]
  0x00934c00 JavaThread "Finalizer" daemon [_thread_blocked, id=31736, stack(0x04590000,0x045e0000)]
  0x008d6c00 JavaThread "Reference Handler" daemon [_thread_blocked, id=30164, stack(0x04500000,0x04550000)]

Other Threads:
  0x008d3c00 VMThread [stack: 0x04470000,0x044c0000] [id=30232]
  0x00972c00 WatcherThread [stack: 0x159c0000,0x15a10000] [id=31192]

VM state:not at safepoint (normal execution)

VM Mutex/Monitor currently owned by a thread: None

Heap:
 def new generation   total 4928K, used 1375K [0x04600000, 0x04b50000, 0x09b50000)
  eden space 4416K,  19% used [0x04600000, 0x046d7c18, 0x04a50000)
  from space 512K, 100% used [0x04ad0000, 0x04b50000, 0x04b50000)
  to   space 512K,   0% used [0x04a50000, 0x04a50000, 0x04ad0000)
 tenured generation   total 10944K, used 1106K [0x09b50000, 0x0a600000, 0x14600000)
   the space 10944K,  10% used [0x09b50000, 0x09c64840, 0x09c64a00, 0x0a600000)
 Metaspace       used 1332K, capacity 2613K, committed 2624K, reserved 4480K

Card table byte_map: [0x00a30000,0x00ac0000] byte_map_base: 0x00a0d000

Polling page: 0x002c0000

CodeCache: size=32768Kb used=983Kb max_used=983Kb free=31784Kb
 bounds [0x02430000, 0x02528000, 0x04430000]
 total_blobs=462 nmethods=237 adapters=156
 compilation: enabled

Compilation events (10 events):
Event: 0.379 Thread 0x00941400  228             java.util.Properties::loadConvert (505 bytes)
Event: 0.380 Thread 0x00941400 nmethod 228 0x02521148 code [0x02521290, 0x025216b8]
Event: 0.387 Thread 0x00941400  229             java.lang.String$CaseInsensitiveComparator::compare (111 bytes)
Event: 0.387 Thread 0x00941400 nmethod 229 0x02521d08 code [0x02521ea0, 0x025221e8]
Event: 0.387 Thread 0x00941400  230             java.net.URI$Parser::charAt (9 bytes)
Event: 0.387 Thread 0x00941400 nmethod 230 0x02522808 code [0x02522910, 0x02522a0c]
Event: 1.961 Thread 0x00941400  231             sun.misc.MetaIndex::mayContain (51 bytes)
Event: 1.961 Thread 0x00941400 nmethod 231 0x02522b48 code [0x02522c70, 0x02522de8]
Event: 1.962 Thread 0x00941400  232             sun.nio.cs.UTF_8$Encoder::encode (359 bytes)
Event: 1.963 Thread 0x00941400 nmethod 232 0x02523508 code [0x02523650, 0x02523a98]

GC Heap History (2 events):
Event: 0.237 GC heap before
{Heap before GC invocations=0 (full 0):
 def new generation   total 4928K, used 4416K [0x04600000, 0x04b50000, 0x09b50000)
  eden space 4416K, 100% used [0x04600000, 0x04a50000, 0x04a50000)
  from space 512K,   0% used [0x04a50000, 0x04a50000, 0x04ad0000)
  to   space 512K,   0% used [0x04ad0000, 0x04ad0000, 0x04b50000)
 tenured generation   total 10944K, used 0K [0x09b50000, 0x0a600000, 0x14600000)
   the space 10944K,   0% used [0x09b50000, 0x09b50000, 0x09b50200, 0x0a600000)
 Metaspace       used 1089K, capacity 2533K, committed 2624K, reserved 4480K
Event: 0.243 GC heap after
Heap after GC invocations=1 (full 0):
 def new generation   total 4928K, used 512K [0x04600000, 0x04b50000, 0x09b50000)
  eden space 4416K,   0% used [0x04600000, 0x04600000, 0x04a50000)
  from space 512K, 100% used [0x04ad0000, 0x04b50000, 0x04b50000)
  to   space 512K,   0% used [0x04a50000, 0x04a50000, 0x04ad0000)
 tenured generation   total 10944K, used 1106K [0x09b50000, 0x0a600000, 0x14600000)
   the space 10944K,  10% used [0x09b50000, 0x09c64840, 0x09c64a00, 0x0a600000)
 Metaspace       used 1089K, capacity 2533K, committed 2624K, reserved 4480K
}

Deoptimization events (0 events):
No events

Classes redefined (0 events):
No events

Internal exceptions (10 events):
Event: 0.165 Thread 0x002acc00 Exception <a 'java/lang/ClassNotFoundException': ToolBar> (0x048b0170) thrown at [C:\workspace\8-2-build-windows-i586-cygwin\jdk8u181\11358\hotspot\src\share\vm\classfile\systemDictionary.cpp, line 210]
Event: 0.165 Thread 0x002acc00 Exception <a 'java/lang/ClassNotFoundException': ToggleButton> (0x048b06b8) thrown at [C:\workspace\8-2-build-windows-i586-cygwin\jdk8u181\11358\hotspot\src\share\vm\classfile\systemDictionary.cpp, line 210]
Event: 0.165 Thread 0x002acc00 Exception <a 'java/lang/ClassNotFoundException': javax/swing/JToolBarSeparator> (0x048b0ac0) thrown at [C:\workspace\8-2-build-windows-i586-cygwin\jdk8u181\11358\hotspot\src\share\vm\classfile\systemDictionary.cpp, line 210]
Event: 0.165 Thread 0x002acc00 Exception <a 'java/lang/ClassNotFoundException': ToolBarSeparator> (0x048b0f18) thrown at [C:\workspace\8-2-build-windows-i586-cygwin\jdk8u181\11358\hotspot\src\share\vm\classfile\systemDictionary.cpp, line 210]
Event: 0.165 Thread 0x002acc00 Exception <a 'java/lang/ClassNotFoundException': ToolTip> (0x048b15c0) thrown at [C:\workspace\8-2-build-windows-i586-cygwin\jdk8u181\11358\hotspot\src\share\vm\classfile\systemDictionary.cpp, line 210]
Event: 0.165 Thread 0x002acc00 Exception <a 'java/lang/ClassNotFoundException': Tree> (0x048b2100) thrown at [C:\workspace\8-2-build-windows-i586-cygwin\jdk8u181\11358\hotspot\src\share\vm\classfile\systemDictionary.cpp, line 210]
Event: 0.165 Thread 0x002acc00 Exception <a 'java/lang/ClassNotFoundException': Tree> (0x048b27a0) thrown at [C:\workspace\8-2-build-windows-i586-cygwin\jdk8u181\11358\hotspot\src\share\vm\classfile\systemDictionary.cpp, line 210]
Event: 0.165 Thread 0x002acc00 Exception <a 'java/lang/ClassNotFoundException': javax/swing/JTreeCell> (0x048b2ad8) thrown at [C:\workspace\8-2-build-windows-i586-cygwin\jdk8u181\11358\hotspot\src\share\vm\classfile\systemDictionary.cpp, line 210]
Event: 0.165 Thread 0x002acc00 Exception <a 'java/lang/ClassNotFoundException': TreeCell> (0x048b2f20) thrown at [C:\workspace\8-2-build-windows-i586-cygwin\jdk8u181\11358\hotspot\src\share\vm\classfile\systemDictionary.cpp, line 210]
Event: 0.165 Thread 0x002acc00 Exception <a 'java/lang/ClassNotFoundException': RootPane> (0x048b3898) thrown at [C:\workspace\8-2-build-windows-i586-cygwin\jdk8u181\11358\hotspot\src\share\vm\classfile\systemDictionary.cpp, line 210]

Events (10 events):
Event: 1.960 loading class jpcap/packet/EthernetPacket done
Event: 1.961 loading class jpcap/packet/IPPacket
Event: 1.961 loading class jpcap/packet/IPPacket done
Event: 1.961 loading class jpcap/packet/TCPPacket
Event: 1.961 loading class jpcap/packet/TCPPacket done
Event: 1.962 loading class jpcap/packet/UDPPacket
Event: 1.962 loading class jpcap/packet/UDPPacket done
Event: 1.962 loading class jpcap/packet/ICMPPacket
Event: 1.962 loading class jpcap/packet/ICMPPacket done
Event: 1.996 loading class java/util/function/Consumer done


Dynamic libraries:
0x000d0000 - 0x00103000 	C:\Program Files (x86)\Java\jdk1.8.0_181\bin\java.exe
0x77760000 - 0x778f0000 	C:\WINDOWS\SYSTEM32\ntdll.dll
0x771b0000 - 0x77290000 	C:\WINDOWS\System32\KERNEL32.DLL
0x6d4d0000 - 0x6d4ff000 	C:\Program Files\AVAST Software\Avast\aswhookx.dll
0x76410000 - 0x765f4000 	C:\WINDOWS\System32\KERNELBASE.dll
0x73f70000 - 0x7400d000 	C:\WINDOWS\SYSTEM32\apphelp.dll
0x772f0000 - 0x77368000 	C:\WINDOWS\System32\ADVAPI32.dll
0x76f50000 - 0x7700f000 	C:\WINDOWS\System32\msvcrt.dll
0x77420000 - 0x77464000 	C:\WINDOWS\System32\sechost.dll
0x76650000 - 0x76710000 	C:\WINDOWS\System32\RPCRT4.dll
0x74020000 - 0x74040000 	C:\WINDOWS\System32\SspiCli.dll
0x74010000 - 0x7401a000 	C:\WINDOWS\System32\CRYPTBASE.dll
0x77610000 - 0x77668000 	C:\WINDOWS\System32\bcryptPrimitives.dll
0x76cf0000 - 0x76e7d000 	C:\WINDOWS\System32\USER32.dll
0x74040000 - 0x74057000 	C:\WINDOWS\System32\win32u.dll
0x77470000 - 0x77492000 	C:\WINDOWS\System32\GDI32.dll
0x74ec0000 - 0x75024000 	C:\WINDOWS\System32\gdi32full.dll
0x77080000 - 0x770fd000 	C:\WINDOWS\System32\msvcp_win.dll
0x744b0000 - 0x745ce000 	C:\WINDOWS\System32\ucrtbase.dll
0x6d1a0000 - 0x6d3a4000 	C:\WINDOWS\WinSxS\x86_microsoft.windows.common-controls_6595b64144ccf1df_6.0.17134.285_none_42efceba44e1907b\COMCTL32.dll
0x74060000 - 0x742bc000 	C:\WINDOWS\System32\combase.dll
0x76600000 - 0x76626000 	C:\WINDOWS\System32\IMM32.DLL
0x77e70000 - 0x77f2f000 	C:\Program Files (x86)\Java\jdk1.8.0_181\jre\bin\msvcr100.dll
0x6c6b0000 - 0x6ca83000 	C:\Program Files (x86)\Java\jdk1.8.0_181\jre\bin\client\jvm.dll
0x77290000 - 0x77296000 	C:\WINDOWS\System32\PSAPI.DLL
0x72d70000 - 0x72d78000 	C:\WINDOWS\SYSTEM32\WSOCK32.dll
0x77010000 - 0x77077000 	C:\WINDOWS\System32\WS2_32.dll
0x73bb0000 - 0x73bd4000 	C:\WINDOWS\SYSTEM32\WINMM.dll
0x73b60000 - 0x73b68000 	C:\WINDOWS\SYSTEM32\VERSION.dll
0x73900000 - 0x73923000 	C:\WINDOWS\SYSTEM32\WINMMBASE.dll
0x77170000 - 0x771a9000 	C:\WINDOWS\System32\cfgmgr32.dll
0x6d940000 - 0x6d94c000 	C:\Program Files (x86)\Java\jdk1.8.0_181\jre\bin\verify.dll
0x6c350000 - 0x6c372000 	C:\Program Files (x86)\Java\jdk1.8.0_181\jre\bin\java.dll
0x6be40000 - 0x6be54000 	C:\Program Files (x86)\Java\jdk1.8.0_181\jre\bin\zip.dll
0x75030000 - 0x7637a000 	C:\WINDOWS\System32\SHELL32.dll
0x76380000 - 0x76408000 	C:\WINDOWS\System32\shcore.dll
0x76730000 - 0x76cea000 	C:\WINDOWS\System32\windows.storage.dll
0x772a0000 - 0x772e5000 	C:\WINDOWS\System32\shlwapi.dll
0x77100000 - 0x7710f000 	C:\WINDOWS\System32\kernel.appcore.dll
0x77400000 - 0x77418000 	C:\WINDOWS\System32\profapi.dll
0x742c0000 - 0x74305000 	C:\WINDOWS\System32\powrprof.dll
0x76710000 - 0x76718000 	C:\WINDOWS\System32\FLTLIB.DLL
0x6c4a0000 - 0x6c5e7000 	C:\Program Files (x86)\Java\jdk1.8.0_181\jre\bin\awt.dll
0x74310000 - 0x743a6000 	C:\WINDOWS\System32\OLEAUT32.dll
0x73be0000 - 0x73c5c000 	C:\WINDOWS\system32\uxtheme.dll
0x74c00000 - 0x74d44000 	C:\WINDOWS\System32\MSCTF.dll
0x73b00000 - 0x73b23000 	C:\WINDOWS\system32\dwmapi.dll
0x743b0000 - 0x744ac000 	C:\WINDOWS\System32\ole32.dll
0x61f90000 - 0x61fc9000 	C:\Program Files (x86)\Java\jdk1.8.0_181\jre\bin\fontmanager.dll
0x65500000 - 0x655d9000 	C:\WINDOWS\system32\opengl32.dll
0x64a40000 - 0x64a7f000 	C:\WINDOWS\SYSTEM32\GLU32.dll
0x6b610000 - 0x6b625000 	C:\Program Files (x86)\Java\jdk1.8.0_181\jre\bin\net.dll
0x70300000 - 0x70356000 	C:\WINDOWS\system32\mswsock.dll
0x6d3b0000 - 0x6d3bf000 	C:\Program Files (x86)\Java\jdk1.8.0_181\jre\bin\nio.dll
0x70610000 - 0x70642000 	C:\Program Files (x86)\Java\jdk1.8.0_181\jre\bin\t2k.dll
0x00f00000 - 0x00f28000 	C:\Users\Daniel\Desktop\redes\proyecto\jars\Jpcap.dll
0x72ff0000 - 0x73020000 	C:\WINDOWS\SYSTEM32\iphlpapi.dll
0x15f90000 - 0x15fdc000 	C:\WINDOWS\SYSTEM32\wpcap.dll
0x00bc0000 - 0x00bd8000 	C:\WINDOWS\SYSTEM32\packet.dll
0x77110000 - 0x77117000 	C:\WINDOWS\System32\NSI.dll
0x70a00000 - 0x70a13000 	C:\WINDOWS\SYSTEM32\dhcpcsvc6.DLL
0x6ff10000 - 0x6ff24000 	C:\WINDOWS\SYSTEM32\dhcpcsvc.DLL
0x72680000 - 0x72802000 	C:\WINDOWS\SYSTEM32\dbghelp.dll

VM Arguments:
jvm_args: -Dfile.encoding=UTF-8 -Djava.library.path=C:\Users\Daniel\Desktop\redes\proyecto\jars 
java_command: GUI
java_class_path (initial): C:\Users\Daniel\Desktop\redes\proyecto\jars\jpcap.jar;C:\Users\Daniel\Desktop\redes\proyecto\imag;C:\Users\Daniel\Desktop\redes\proyecto\build\classes
Launcher Type: SUN_STANDARD

Environment Variables:
PATH=C:\Program Files (x86)\Common Files\Oracle\Java\javapath;C:\ProgramData\Oracle\Java\javapath;C:\Program Files (x86)\Lenovo\FusionEngine;C:\Program Files (x86)\Intel\iCLS Client\;C:\Program Files\Intel\iCLS Client\;C:\WINDOWS\system32;C:\WINDOWS;C:\WINDOWS\System32\Wbem;C:\WINDOWS\System32\WindowsPowerShell\v1.0\;C:\Program Files\Intel\Intel(R) Management Engine Components\DAL;C:\Program Files\Intel\Intel(R) Management Engine Components\IPT;C:\Program Files (x86)\Intel\Intel(R) Management Engine Components\DAL;C:\Program Files (x86)\Intel\Intel(R) Management Engine Components\IPT;C:\Program Files\Lenovo\Bluetooth Software\;C:\Program Files\Lenovo\Bluetooth Software\syswow64;C:\Program Files (x86)\Lenovo\Motion Control\;C:\Program Files (x86)\Common Files\lenovo\easyplussdk\bin;C:\Program Files (x86)\IVI Foundation\VISA\WinNT\Bin;C:\Program Files (x86)\GtkSharp\2.12\bin;C:\Program Files (x86)\NVIDIA Corporation\PhysX\Common;C:\HashiCorp\Vagrant\bin;C:\WINDOWS\system32;C:\WINDOWS;C:\WINDOWS\System32\Wbem;C:\WINDOWS\System32\WindowsPowerShell\v1.0\;C:\WINDOWS\System32\OpenSSH\;C:\Program Files\Git\cmd;C:\Program Files\dotnet\;C:\Program Files\Microsoft VS Code\bin;C:\cygwin64\bin;C:\Users\Daniel\AppData\Local\Programs\Python\Python37-32\Scripts\;C:\Users\Daniel\AppData\Local\Programs\Python\Python37-32\;C:\Users\Daniel\AppData\Local\Microsoft\WindowsApps;C:\Users\Daniel\.dotnet\tools
USERNAME=Daniel
OS=Windows_NT
PROCESSOR_IDENTIFIER=Intel64 Family 6 Model 60 Stepping 3, GenuineIntel



---------------  S Y S T E M  ---------------

OS: Windows 10.0 , 64 bit Build 17134 (10.0.17134.1)

CPU:total 8 (initial active 8) (4 cores per cpu, 2 threads per core) family 6 model 60 stepping 3, cmov, cx8, fxsr, mmx, sse, sse2, sse3, ssse3, sse4.1, sse4.2, popcnt, avx, avx2, aes, clmul, erms, lzcnt, ht, tsc, tscinvbit, bmi1, bmi2

Memory: 4k page, physical 16687384k(5402856k free), swap 28012684k(7404776k free)

vm_info: Java HotSpot(TM) Client VM (25.181-b13) for windows-x86 JRE (1.8.0_181-b13), built on Jul  7 2018 03:18:20 by "java_re" with MS VC++ 10.0 (VS2010)

time: Mon Oct 01 19:09:14 2018
elapsed time: 2 seconds (0d 0h 0m 2s)

