#
# A fatal error has been detected by the Java Runtime Environment:
#
#  Internal Error (exceptions.cpp:427), pid=19504, tid=0x00001b0c
#  fatal error: ExceptionMark destructor expects no pending exceptions
#
# JRE version: Java(TM) SE Runtime Environment (8.0_181-b13) (build 1.8.0_181-b13)
# Java VM: Java HotSpot(TM) Client VM (25.181-b13 mixed mode windows-x86 )
# Failed to write core dump. Minidumps are not enabled by default on client versions of Windows
#
# If you would like to submit a bug report, please visit:
#   http://bugreport.java.com/bugreport/crash.jsp
# The crash happened outside the Java Virtual Machine in native code.
# See problematic frame for where to report the bug.
#

---------------  T H R E A D  ---------------

Current thread (0x17015000):  JavaThread "Thread-5" [_thread_in_native, id=6924, stack(0x18710000,0x18760000)]

Stack: [0x18710000,0x18760000],  sp=0x1875f220,  free space=316k
Native frames: (J=compiled Java code, j=interpreted, Vv=VM code, C=native code)
V  [jvm.dll+0x1accfb]
V  [jvm.dll+0x1a5386]
V  [jvm.dll+0x1a5e3a]
V  [jvm.dll+0x17eaa3]
V  [jvm.dll+0x17f298]
V  [jvm.dll+0x17fafa]
V  [jvm.dll+0x1c5416]
C  [msvcr100.dll+0x5c556]
C  [msvcr100.dll+0x5c600]
C  [KERNEL32.DLL+0x18484]
C  [ntdll.dll+0x6305a]
C  [ntdll.dll+0x6302a]
C  0x00000000


---------------  P R O C E S S  ---------------

Java Threads: ( => current thread )
  0x012dd000 JavaThread "DestroyJavaVM" [_thread_blocked, id=22592, stack(0x01240000,0x01290000)]
  0x17024000 JavaThread "Thread-7" [_thread_in_native, id=1668, stack(0x18930000,0x18980000)]
  0x17015800 JavaThread "Thread-6" [_thread_in_native, id=7688, stack(0x187a0000,0x187f0000)]
=>0x17015000 JavaThread "Thread-5" [_thread_in_native, id=6924, stack(0x18710000,0x18760000)]
  0x17014800 JavaThread "Thread-4" [_thread_in_native, id=14420, stack(0x18680000,0x186d0000)]
  0x17013400 JavaThread "Thread-3" [_thread_in_native, id=19432, stack(0x185f0000,0x18640000)]
  0x1548e400 JavaThread "AWT-EventQueue-0" [_thread_blocked, id=28200, stack(0x15d70000,0x15dc0000)]
  0x1544fc00 JavaThread "AWT-Windows" daemon [_thread_in_native, id=18404, stack(0x15be0000,0x15c30000)]
  0x1544ec00 JavaThread "AWT-Shutdown" [_thread_blocked, id=17264, stack(0x15b50000,0x15ba0000)]
  0x1544e000 JavaThread "Java2D Disposer" daemon [_thread_blocked, id=21272, stack(0x15ac0000,0x15b10000)]
  0x152e7400 JavaThread "Service Thread" daemon [_thread_blocked, id=25512, stack(0x158b0000,0x15900000)]
  0x152eb800 JavaThread "C1 CompilerThread0" daemon [_thread_blocked, id=27200, stack(0x15820000,0x15870000)]
  0x152ea400 JavaThread "Attach Listener" daemon [_thread_blocked, id=17508, stack(0x15790000,0x157e0000)]
  0x152e8400 JavaThread "Signal Dispatcher" daemon [_thread_blocked, id=13960, stack(0x15700000,0x15750000)]
  0x152ca800 JavaThread "Finalizer" daemon [_thread_blocked, id=24980, stack(0x15580000,0x155d0000)]
  0x152b4c00 JavaThread "Reference Handler" daemon [_thread_blocked, id=2788, stack(0x154f0000,0x15540000)]

Other Threads:
  0x02cbdc00 VMThread [stack: 0x15260000,0x152b0000] [id=8536]
  0x1530c400 WatcherThread [stack: 0x15940000,0x15990000] [id=24584]

VM state:not at safepoint (normal execution)

VM Mutex/Monitor currently owned by a thread: None

Heap:
 def new generation   total 4928K, used 2054K [0x04e00000, 0x05350000, 0x0a350000)
  eden space 4416K,  34% used [0x04e00000, 0x04f819d0, 0x05250000)
  from space 512K, 100% used [0x052d0000, 0x05350000, 0x05350000)
  to   space 512K,   0% used [0x05250000, 0x05250000, 0x052d0000)
 tenured generation   total 10944K, used 1909K [0x0a350000, 0x0ae00000, 0x14e00000)
   the space 10944K,  17% used [0x0a350000, 0x0a52d468, 0x0a52d600, 0x0ae00000)
 Metaspace       used 6394K, capacity 6572K, committed 6656K, reserved 7552K

Card table byte_map: [0x04d40000,0x04dd0000] byte_map_base: 0x04d19000

Polling page: 0x00fb0000

CodeCache: size=32768Kb used=883Kb max_used=883Kb free=31884Kb
 bounds [0x02cc0000, 0x02da0000, 0x04cc0000]
 total_blobs=374 nmethods=151 adapters=154
 compilation: enabled

Compilation events (10 events):
Event: 1.065 Thread 0x152eb800  146             sun.awt.image.ByteInterleavedRaster::putByteData (834 bytes)
Event: 1.066 Thread 0x152eb800 nmethod 146 0x02d997c8 code [0x02d99980, 0x02d9a374]
Event: 1.066 Thread 0x152eb800  147             com.sun.imageio.plugins.png.PNGImageReader::decodeUpFilter (53 bytes)
Event: 1.066 Thread 0x152eb800 nmethod 147 0x02d9b408 code [0x02d9b510, 0x02d9b620]
Event: 1.069 Thread 0x152eb800  148  s          sun.java2d.loops.GraphicsPrimitiveMgr::locatePrim (96 bytes)
Event: 1.070 Thread 0x152eb800 nmethod 148 0x02d9b788 code [0x02d9b8c0, 0x02d9bd6c]
Event: 1.073 Thread 0x152eb800  150             com.sun.imageio.plugins.png.PNGImageReader::decodeSubFilter (54 bytes)
Event: 1.073 Thread 0x152eb800 nmethod 150 0x02d9c408 code [0x02d9c500, 0x02d9c5f0]
Event: 1.079 Thread 0x152eb800  151             java.io.BufferedInputStream::getBufIfOpen (21 bytes)
Event: 1.079 Thread 0x152eb800 nmethod 151 0x02d9c708 code [0x02d9c810, 0x02d9c90c]

GC Heap History (2 events):
Event: 0.505 GC heap before
{Heap before GC invocations=0 (full 0):
 def new generation   total 4928K, used 4416K [0x04e00000, 0x05350000, 0x0a350000)
  eden space 4416K, 100% used [0x04e00000, 0x05250000, 0x05250000)
  from space 512K,   0% used [0x05250000, 0x05250000, 0x052d0000)
  to   space 512K,   0% used [0x052d0000, 0x052d0000, 0x05350000)
 tenured generation   total 10944K, used 0K [0x0a350000, 0x0ae00000, 0x14e00000)
   the space 10944K,   0% used [0x0a350000, 0x0a350000, 0x0a350200, 0x0ae00000)
 Metaspace       used 5757K, capacity 5930K, committed 6016K, reserved 6528K
Event: 0.515 GC heap after
Heap after GC invocations=1 (full 0):
 def new generation   total 4928K, used 512K [0x04e00000, 0x05350000, 0x0a350000)
  eden space 4416K,   0% used [0x04e00000, 0x04e00000, 0x05250000)
  from space 512K, 100% used [0x052d0000, 0x05350000, 0x05350000)
  to   space 512K,   0% used [0x05250000, 0x05250000, 0x052d0000)
 tenured generation   total 10944K, used 1909K [0x0a350000, 0x0ae00000, 0x14e00000)
   the space 10944K,  17% used [0x0a350000, 0x0a52d468, 0x0a52d600, 0x0ae00000)
 Metaspace       used 5757K, capacity 5930K, committed 6016K, reserved 6528K
}

Deoptimization events (0 events):
No events

Classes redefined (0 events):
No events

Internal exceptions (10 events):
Event: 2.155 Thread 0x17015000 Exception <a 'java/lang/StackOverflowError'> (0x04f5cac8) thrown at [C:\workspace\8-2-build-windows-i586-cygwin\jdk8u181\11358\hotspot\src\share\vm\runtime\javaCalls.cpp, line 386]
Event: 2.155 Thread 0x17015000 Exception <a 'java/lang/StackOverflowError'> (0x04f5cb30) thrown at [C:\workspace\8-2-build-windows-i586-cygwin\jdk8u181\11358\hotspot\src\share\vm\runtime\javaCalls.cpp, line 386]
Event: 2.155 Thread 0x17015000 Exception <a 'java/lang/StackOverflowError'> (0x04f5cb50) thrown at [C:\workspace\8-2-build-windows-i586-cygwin\jdk8u181\11358\hotspot\src\share\vm\runtime\javaCalls.cpp, line 386]
Event: 2.155 Thread 0x17015000 Exception <a 'java/lang/StackOverflowError'> (0x04f5cb90) thrown at [C:\workspace\8-2-build-windows-i586-cygwin\jdk8u181\11358\hotspot\src\share\vm\runtime\javaCalls.cpp, line 386]
Event: 2.155 Thread 0x17015000 Exception <a 'java/lang/StackOverflowError'> (0x04f5cbb0) thrown at [C:\workspace\8-2-build-windows-i586-cygwin\jdk8u181\11358\hotspot\src\share\vm\runtime\javaCalls.cpp, line 386]
Event: 2.155 Thread 0x17015000 Exception <a 'java/lang/StackOverflowError'> (0x04f5cc18) thrown at [C:\workspace\8-2-build-windows-i586-cygwin\jdk8u181\11358\hotspot\src\share\vm\runtime\javaCalls.cpp, line 386]
Event: 2.155 Thread 0x17015000 Exception <a 'java/lang/StackOverflowError'> (0x04f5cd18) thrown at [C:\workspace\8-2-build-windows-i586-cygwin\jdk8u181\11358\hotspot\src\share\vm\runtime\javaCalls.cpp, line 386]
Event: 2.155 Thread 0x17015000 Exception <a 'java/lang/StackOverflowError'> (0x04f5cd58) thrown at [C:\workspace\8-2-build-windows-i586-cygwin\jdk8u181\11358\hotspot\src\share\vm\runtime\javaCalls.cpp, line 386]
Event: 2.155 Thread 0x17015000 Exception <a 'java/lang/StackOverflowError'> (0x04f5cd58) thrown at [C:\workspace\8-2-build-windows-i586-cygwin\jdk8u181\11358\hotspot\src\share\vm\oops\instanceKlass.cpp, line 2872]
Event: 2.155 Thread 0x17015000 Exception <a 'java/lang/StackOverflowError'> (0x04f5cd78) thrown at [C:\workspace\8-2-build-windows-i586-cygwin\jdk8u181\11358\hotspot\src\share\vm\runtime\javaCalls.cpp, line 386]

Events (10 events):
Event: 1.428 loading class jpcap/packet/TCPPacket
Event: 1.428 loading class jpcap/packet/TCPPacket done
Event: 1.429 loading class jpcap/packet/UDPPacket
Event: 1.429 loading class jpcap/packet/UDPPacket done
Event: 1.430 loading class jpcap/packet/ICMPPacket
Event: 1.430 loading class jpcap/packet/ICMPPacket done
Event: 1.430 loading class jpcap/packet/IPv6Option
Event: 1.430 loading class jpcap/packet/IPv6Option done
Event: 1.431 loading class jpcap/packet/ARPPacket
Event: 1.431 loading class jpcap/packet/ARPPacket done


Dynamic libraries:
0x013e0000 - 0x01413000 	C:\Program Files (x86)\Java\jdk1.8.0_181\bin\java.exe
0x77760000 - 0x778f0000 	C:\WINDOWS\SYSTEM32\ntdll.dll
0x771b0000 - 0x77290000 	C:\WINDOWS\System32\KERNEL32.DLL
0x6d4d0000 - 0x6d4ff000 	C:\Program Files\AVAST Software\Avast\aswhookx.dll
0x76410000 - 0x765f4000 	C:\WINDOWS\System32\KERNELBASE.dll
0x73f70000 - 0x7400d000 	C:\WINDOWS\SYSTEM32\apphelp.dll
0x772f0000 - 0x77368000 	C:\WINDOWS\System32\ADVAPI32.dll
0x76f50000 - 0x7700f000 	C:\WINDOWS\System32\msvcrt.dll
0x77420000 - 0x77464000 	C:\WINDOWS\System32\sechost.dll
0x76650000 - 0x76710000 	C:\WINDOWS\System32\RPCRT4.dll
0x74020000 - 0x74040000 	C:\WINDOWS\System32\SspiCli.dll
0x74010000 - 0x7401a000 	C:\WINDOWS\System32\CRYPTBASE.dll
0x77610000 - 0x77668000 	C:\WINDOWS\System32\bcryptPrimitives.dll
0x76cf0000 - 0x76e7d000 	C:\WINDOWS\System32\USER32.dll
0x74040000 - 0x74057000 	C:\WINDOWS\System32\win32u.dll
0x77470000 - 0x77492000 	C:\WINDOWS\System32\GDI32.dll
0x74ec0000 - 0x75024000 	C:\WINDOWS\System32\gdi32full.dll
0x77080000 - 0x770fd000 	C:\WINDOWS\System32\msvcp_win.dll
0x744b0000 - 0x745ce000 	C:\WINDOWS\System32\ucrtbase.dll
0x6d1a0000 - 0x6d3a4000 	C:\WINDOWS\WinSxS\x86_microsoft.windows.common-controls_6595b64144ccf1df_6.0.17134.285_none_42efceba44e1907b\COMCTL32.dll
0x74060000 - 0x742bc000 	C:\WINDOWS\System32\combase.dll
0x76600000 - 0x76626000 	C:\WINDOWS\System32\IMM32.DLL
0x5ee80000 - 0x5ef3f000 	C:\Program Files (x86)\Java\jdk1.8.0_181\jre\bin\msvcr100.dll
0x6cc60000 - 0x6d033000 	C:\Program Files (x86)\Java\jdk1.8.0_181\jre\bin\client\jvm.dll
0x77290000 - 0x77296000 	C:\WINDOWS\System32\PSAPI.DLL
0x72d70000 - 0x72d78000 	C:\WINDOWS\SYSTEM32\WSOCK32.dll
0x77010000 - 0x77077000 	C:\WINDOWS\System32\WS2_32.dll
0x73bb0000 - 0x73bd4000 	C:\WINDOWS\SYSTEM32\WINMM.dll
0x73b60000 - 0x73b68000 	C:\WINDOWS\SYSTEM32\VERSION.dll
0x73900000 - 0x73923000 	C:\WINDOWS\SYSTEM32\WINMMBASE.dll
0x77170000 - 0x771a9000 	C:\WINDOWS\System32\cfgmgr32.dll
0x6d940000 - 0x6d94c000 	C:\Program Files (x86)\Java\jdk1.8.0_181\jre\bin\verify.dll
0x6c8d0000 - 0x6c8f2000 	C:\Program Files (x86)\Java\jdk1.8.0_181\jre\bin\java.dll
0x6cb50000 - 0x6cb64000 	C:\Program Files (x86)\Java\jdk1.8.0_181\jre\bin\zip.dll
0x75030000 - 0x7637a000 	C:\WINDOWS\System32\SHELL32.dll
0x76380000 - 0x76408000 	C:\WINDOWS\System32\shcore.dll
0x76730000 - 0x76cea000 	C:\WINDOWS\System32\windows.storage.dll
0x772a0000 - 0x772e5000 	C:\WINDOWS\System32\shlwapi.dll
0x77100000 - 0x7710f000 	C:\WINDOWS\System32\kernel.appcore.dll
0x77400000 - 0x77418000 	C:\WINDOWS\System32\profapi.dll
0x742c0000 - 0x74305000 	C:\WINDOWS\System32\powrprof.dll
0x76710000 - 0x76718000 	C:\WINDOWS\System32\FLTLIB.DLL
0x6c5e0000 - 0x6c727000 	C:\Program Files (x86)\Java\jdk1.8.0_181\jre\bin\awt.dll
0x74310000 - 0x743a6000 	C:\WINDOWS\System32\OLEAUT32.dll
0x73be0000 - 0x73c5c000 	C:\WINDOWS\system32\uxtheme.dll
0x74c00000 - 0x74d44000 	C:\WINDOWS\System32\MSCTF.dll
0x73b00000 - 0x73b23000 	C:\WINDOWS\system32\dwmapi.dll
0x743b0000 - 0x744ac000 	C:\WINDOWS\System32\ole32.dll
0x65500000 - 0x655d9000 	C:\WINDOWS\system32\opengl32.dll
0x64a40000 - 0x64a7f000 	C:\WINDOWS\SYSTEM32\GLU32.dll
0x6c340000 - 0x6c379000 	C:\Program Files (x86)\Java\jdk1.8.0_181\jre\bin\fontmanager.dll
0x6d120000 - 0x6d19d000 	C:\WINDOWS\System32\TextInputFramework.dll
0x65c00000 - 0x65e5d000 	C:\WINDOWS\System32\CoreUIComponents.dll
0x6ff80000 - 0x6ffa9000 	C:\WINDOWS\SYSTEM32\ntmarta.dll
0x173c0000 - 0x1744b000 	C:\WINDOWS\System32\CoreMessaging.dll
0x17450000 - 0x17526000 	C:\WINDOWS\SYSTEM32\wintypes.dll
0x64ac0000 - 0x64b16000 	C:\WINDOWS\system32\Oleacc.dll
0x17a20000 - 0x17a48000 	C:\Windows\System32\Jpcap.dll
0x72ff0000 - 0x73020000 	C:\WINDOWS\SYSTEM32\iphlpapi.dll
0x17a50000 - 0x17a9c000 	C:\WINDOWS\SYSTEM32\wpcap.dll
0x17ab0000 - 0x17ac8000 	C:\WINDOWS\SYSTEM32\packet.dll
0x72540000 - 0x72553000 	C:\WINDOWS\SYSTEM32\CRYPTSP.dll
0x72510000 - 0x7253f000 	C:\WINDOWS\system32\rsaenh.dll
0x72fd0000 - 0x72fe9000 	C:\WINDOWS\SYSTEM32\bcrypt.dll
0x73b30000 - 0x73b51000 	C:\WINDOWS\SYSTEM32\USERENV.dll
0x77110000 - 0x77117000 	C:\WINDOWS\System32\NSI.dll
0x70a00000 - 0x70a13000 	C:\WINDOWS\SYSTEM32\dhcpcsvc6.DLL
0x6ff10000 - 0x6ff24000 	C:\WINDOWS\SYSTEM32\dhcpcsvc.DLL
0x6c830000 - 0x6c845000 	C:\Program Files (x86)\Java\jdk1.8.0_181\jre\bin\net.dll
0x70300000 - 0x70356000 	C:\WINDOWS\system32\mswsock.dll
0x6d3b0000 - 0x6d3bf000 	C:\Program Files (x86)\Java\jdk1.8.0_181\jre\bin\nio.dll
0x72680000 - 0x72802000 	C:\WINDOWS\SYSTEM32\dbghelp.dll

VM Arguments:
jvm_args: -Dfile.encoding=UTF-8 
java_command: Odometro.Main
java_class_path (initial): C:\Users\Daniel\Desktop\redes\proyecto\jars\jpcap.jar;C:\Users\Daniel\Desktop\redes\proyecto\imag;C:\Users\Daniel\Desktop\redes\proyecto\build\classes
Launcher Type: SUN_STANDARD

Environment Variables:
PATH=C:\Program Files (x86)\Common Files\Oracle\Java\javapath;C:\ProgramData\Oracle\Java\javapath;C:\Program Files (x86)\Lenovo\FusionEngine;C:\Program Files (x86)\Intel\iCLS Client\;C:\Program Files\Intel\iCLS Client\;C:\WINDOWS\system32;C:\WINDOWS;C:\WINDOWS\System32\Wbem;C:\WINDOWS\System32\WindowsPowerShell\v1.0\;C:\Program Files\Intel\Intel(R) Management Engine Components\DAL;C:\Program Files\Intel\Intel(R) Management Engine Components\IPT;C:\Program Files (x86)\Intel\Intel(R) Management Engine Components\DAL;C:\Program Files (x86)\Intel\Intel(R) Management Engine Components\IPT;C:\Program Files\Lenovo\Bluetooth Software\;C:\Program Files\Lenovo\Bluetooth Software\syswow64;C:\Program Files (x86)\Lenovo\Motion Control\;C:\Program Files (x86)\Common Files\lenovo\easyplussdk\bin;C:\Program Files (x86)\IVI Foundation\VISA\WinNT\Bin;C:\Program Files (x86)\GtkSharp\2.12\bin;C:\Program Files (x86)\NVIDIA Corporation\PhysX\Common;C:\HashiCorp\Vagrant\bin;C:\WINDOWS\system32;C:\WINDOWS;C:\WINDOWS\System32\Wbem;C:\WINDOWS\System32\WindowsPowerShell\v1.0\;C:\WINDOWS\System32\OpenSSH\;C:\Program Files\Git\cmd;C:\Program Files\dotnet\;C:\Program Files\Microsoft VS Code\bin;C:\cygwin64\bin;C:\Users\Daniel\AppData\Local\Programs\Python\Python37-32\Scripts\;C:\Users\Daniel\AppData\Local\Programs\Python\Python37-32\;C:\Users\Daniel\AppData\Local\Microsoft\WindowsApps;C:\Users\Daniel\.dotnet\tools
USERNAME=Daniel
OS=Windows_NT
PROCESSOR_IDENTIFIER=Intel64 Family 6 Model 60 Stepping 3, GenuineIntel



---------------  S Y S T E M  ---------------

OS: Windows 10.0 , 64 bit Build 17134 (10.0.17134.1)

CPU:total 8 (initial active 8) (4 cores per cpu, 2 threads per core) family 6 model 60 stepping 3, cmov, cx8, fxsr, mmx, sse, sse2, sse3, ssse3, sse4.1, sse4.2, popcnt, avx, avx2, aes, clmul, erms, lzcnt, ht, tsc, tscinvbit, bmi1, bmi2

Memory: 4k page, physical 16687384k(5713472k free), swap 28012684k(7077256k free)

vm_info: Java HotSpot(TM) Client VM (25.181-b13) for windows-x86 JRE (1.8.0_181-b13), built on Jul  7 2018 03:18:20 by "java_re" with MS VC++ 10.0 (VS2010)

time: Sun Sep 30 10:07:33 2018
elapsed time: 2 seconds (0d 0h 0m 2s)

