#
# A fatal error has been detected by the Java Runtime Environment:
#
#  EXCEPTION_ACCESS_VIOLATION (0xc0000005) at pc=0x6fe169d3, pid=4768, tid=0x00000348
#
# JRE version: Java(TM) SE Runtime Environment (8.0_181-b13) (build 1.8.0_181-b13)
# Java VM: Java HotSpot(TM) Client VM (25.181-b13 mixed mode windows-x86 )
# Problematic frame:
# V  [jvm.dll+0x1569d3]
#
# Failed to write core dump. Minidumps are not enabled by default on client versions of Windows
#
# If you would like to submit a bug report, please visit:
#   http://bugreport.java.com/bugreport/crash.jsp
# The crash happened outside the Java Virtual Machine in native code.
# See problematic frame for where to report the bug.
#

---------------  T H R E A D  ---------------

Current thread (0x1626dc00):  JavaThread "Thread-3" [_thread_in_native, id=840, stack(0x16c00000,0x16c50000)]

siginfo: ExceptionCode=0xc0000005, reading address 0xffffffe4

Registers:
EAX=0x16c4f330, EBX=0x000000b4, ECX=0x00000000, EDX=0x00ff2d00
ESP=0x16c4f30c, EBP=0x16c4f348, ESI=0x162dc800, EDI=0x00000001
EIP=0x6fe169d3, EFLAGS=0x00010246

Top of Stack: (sp=0x16c4f30c)
0x16c4f30c:   6fd3f67e 00000001 162dc800 00000000
0x16c4f31c:   16c4f438 16c4f40c 16c4f40c 02b24121
0x16c4f32c:   02b12bc8 00000000 00000000 00000000
0x16c4f33c:   00000000 00000000 00000000 16c4f3f8
0x16c4f34c:   6fd4123f 162dc800 000000b4 000000b5
0x16c4f35c:   16560928 00000001 00000008 00000005
0x16c4f36c:   01000000 002dc800 16560928 162dc800
0x16c4f37c:   1656066a 000000b5 16c4f40c 02b24121 

Instructions: (pc=0x6fe169d3)
0x6fe169b3:   8b 41 e4 3d ff ff 00 00 76 09 8b 49 f4 50 e8 aa
0x6fe169c3:   65 f7 ff c3 cc cc cc cc cc cc cc cc cc 8b 49 10
0x6fe169d3:   8b 41 e4 3d ff ff 00 00 77 09 8b 49 f4 50 e8 fa
0x6fe169e3:   65 f7 ff c3 cc cc cc cc cc cc cc cc cc 55 8b ec 


Register to memory mapping:

EAX=0x16c4f330 is pointing into the stack for thread: 0x1626dc00
EBX=0x000000b4 is an unknown value
ECX=0x00000000 is an unknown value
EDX=0x00ff2d00 is an unknown value
ESP=0x16c4f30c is pointing into the stack for thread: 0x1626dc00
EBP=0x16c4f348 is pointing into the stack for thread: 0x1626dc00
ESI=0x162dc800 is a thread
EDI=0x00000001 is an unknown value


Stack: [0x16c00000,0x16c50000],  sp=0x16c4f30c,  free space=316k
Native frames: (J=compiled Java code, j=interpreted, Vv=VM code, C=native code)
V  [jvm.dll+0x1569d3]
V  [jvm.dll+0x8123f]
j  jpcap.packet.Packet.setPacketValue(JJII)V+2
v  ~StubRoutines::call_stub
V  [jvm.dll+0x15c065]
V  [jvm.dll+0x223ade]
V  [jvm.dll+0x15c0fe]
V  [jvm.dll+0xddbfb]
V  [jvm.dll+0xe0a28]
C  [Jpcap.dll+0x2298]
C  [Jpcap.dll+0x1ede]

Java frames: (J=compiled Java code, j=interpreted, Vv=VM code)
j  jpcap.JpcapCaptor.processPacket(ILjpcap/PacketReceiver;)I+0
j  Sniffer.run()V+38
j  Test.llenarTabla(Ljavax/swing/JTable;Ljava/lang/String;Z)V+94
j  GUI.run()V+16
j  java.lang.Thread.run()V+11
v  ~StubRoutines::call_stub

---------------  P R O C E S S  ---------------

Java Threads: ( => current thread )
=>0x1626dc00 JavaThread "Thread-3" [_thread_in_native, id=840, stack(0x16c00000,0x16c50000)]
  0x162dc800 JavaThread "Thread-2" [_thread_in_native, id=9164, stack(0x16700000,0x16750000)]
  0x162da400 JavaThread "TimerQueue" daemon [_thread_blocked, id=11548, stack(0x15f20000,0x15f70000)]
  0x00ffc800 JavaThread "DestroyJavaVM" [_thread_blocked, id=6160, stack(0x028f0000,0x02940000)]
  0x152a3c00 JavaThread "AWT-EventQueue-0" [_thread_blocked, id=10320, stack(0x15b50000,0x15ba0000)]
  0x1528a800 JavaThread "AWT-Windows" daemon [_thread_in_native, id=8536, stack(0x159e0000,0x15a30000)]
  0x15289800 JavaThread "AWT-Shutdown" [_thread_blocked, id=8344, stack(0x15950000,0x159a0000)]
  0x15288c00 JavaThread "Java2D Disposer" daemon [_thread_blocked, id=11748, stack(0x158c0000,0x15910000)]
  0x150e5800 JavaThread "Service Thread" daemon [_thread_blocked, id=9852, stack(0x156b0000,0x15700000)]
  0x150de000 JavaThread "C1 CompilerThread0" daemon [_thread_blocked, id=10972, stack(0x15620000,0x15670000)]
  0x150dd000 JavaThread "Attach Listener" daemon [_thread_blocked, id=11388, stack(0x15590000,0x155e0000)]
  0x150db000 JavaThread "Signal Dispatcher" daemon [_thread_blocked, id=6300, stack(0x15500000,0x15550000)]
  0x150ca000 JavaThread "Finalizer" daemon [_thread_blocked, id=12052, stack(0x15380000,0x153d0000)]
  0x150b4400 JavaThread "Reference Handler" daemon [_thread_blocked, id=11344, stack(0x152f0000,0x15340000)]

Other Threads:
  0x02b0d000 VMThread [stack: 0x15060000,0x150b0000] [id=11512]
  0x150e9000 WatcherThread [stack: 0x15740000,0x15790000] [id=11852]

VM state:not at safepoint (normal execution)

VM Mutex/Monitor currently owned by a thread: None

Heap:
 def new generation   total 4928K, used 1227K [0x04c00000, 0x05150000, 0x0a150000)
  eden space 4416K,  18% used [0x04c00000, 0x04ccd108, 0x05050000)
  from space 512K,  79% used [0x05050000, 0x050b5ce0, 0x050d0000)
  to   space 512K,   0% used [0x050d0000, 0x050d0000, 0x05150000)
 tenured generation   total 10944K, used 2706K [0x0a150000, 0x0ac00000, 0x14c00000)
   the space 10944K,  24% used [0x0a150000, 0x0a3f4b80, 0x0a3f4c00, 0x0ac00000)
 Metaspace       used 8600K, capacity 8798K, committed 8832K, reserved 9600K

Card table byte_map: [0x04b10000,0x04ba0000] byte_map_base: 0x04aea000

Polling page: 0x00fb0000

CodeCache: size=32768Kb used=1196Kb max_used=1196Kb free=31571Kb
 bounds [0x02b10000, 0x02c40000, 0x04b10000]
 total_blobs=632 nmethods=400 adapters=163
 compilation: enabled

Compilation events (10 events):
Event: 13.480 Thread 0x150de000  397             java.security.AccessControlContext::getCombiner (5 bytes)
Event: 13.480 Thread 0x150de000 nmethod 397 0x02c3a5c8 code [0x02c3a6c0, 0x02c3a740]
Event: 13.480 Thread 0x150de000  398             java.security.AccessControlContext::<init> (63 bytes)
Event: 13.481 Thread 0x150de000 nmethod 398 0x02c3a788 code [0x02c3a890, 0x02c3a9ac]
Event: 13.481 Thread 0x150de000  399             java.security.AccessControlContext::getContext (5 bytes)
Event: 13.481 Thread 0x150de000 nmethod 399 0x02c3aa48 code [0x02c3ab40, 0x02c3abc0]
Event: 13.481 Thread 0x150de000  400             java.security.AccessControlContext::<init> (30 bytes)
Event: 13.481 Thread 0x150de000 nmethod 400 0x02c3ac08 code [0x02c3ad00, 0x02c3adc0]
Event: 13.481 Thread 0x150de000  401             java.util.concurrent.locks.AbstractQueuedSynchronizer$ConditionObject::signalAll (33 bytes)
Event: 13.482 Thread 0x150de000 nmethod 401 0x02c3ae08 code [0x02c3af20, 0x02c3b054]

GC Heap History (4 events):
Event: 0.793 GC heap before
{Heap before GC invocations=0 (full 0):
 def new generation   total 4928K, used 4416K [0x04c00000, 0x05150000, 0x0a150000)
  eden space 4416K, 100% used [0x04c00000, 0x05050000, 0x05050000)
  from space 512K,   0% used [0x05050000, 0x05050000, 0x050d0000)
  to   space 512K,   0% used [0x050d0000, 0x050d0000, 0x05150000)
 tenured generation   total 10944K, used 0K [0x0a150000, 0x0ac00000, 0x14c00000)
   the space 10944K,   0% used [0x0a150000, 0x0a150000, 0x0a150200, 0x0ac00000)
 Metaspace       used 7239K, capacity 7478K, committed 7552K, reserved 7552K
Event: 0.802 GC heap after
Heap after GC invocations=1 (full 0):
 def new generation   total 4928K, used 512K [0x04c00000, 0x05150000, 0x0a150000)
  eden space 4416K,   0% used [0x04c00000, 0x04c00000, 0x05050000)
  from space 512K, 100% used [0x050d0000, 0x05150000, 0x05150000)
  to   space 512K,   0% used [0x05050000, 0x05050000, 0x050d0000)
 tenured generation   total 10944K, used 1077K [0x0a150000, 0x0ac00000, 0x14c00000)
   the space 10944K,   9% used [0x0a150000, 0x0a25d4c0, 0x0a25d600, 0x0ac00000)
 Metaspace       used 7239K, capacity 7478K, committed 7552K, reserved 7552K
}
Event: 10.828 GC heap before
{Heap before GC invocations=1 (full 0):
 def new generation   total 4928K, used 4928K [0x04c00000, 0x05150000, 0x0a150000)
  eden space 4416K, 100% used [0x04c00000, 0x05050000, 0x05050000)
  from space 512K, 100% used [0x050d0000, 0x05150000, 0x05150000)
  to   space 512K,   0% used [0x05050000, 0x05050000, 0x050d0000)
 tenured generation   total 10944K, used 1077K [0x0a150000, 0x0ac00000, 0x14c00000)
   the space 10944K,   9% used [0x0a150000, 0x0a25d4c0, 0x0a25d600, 0x0ac00000)
 Metaspace       used 8558K, capacity 8766K, committed 8832K, reserved 9600K
Event: 10.835 GC heap after
Heap after GC invocations=2 (full 0):
 def new generation   total 4928K, used 407K [0x04c00000, 0x05150000, 0x0a150000)
  eden space 4416K,   0% used [0x04c00000, 0x04c00000, 0x05050000)
  from space 512K,  79% used [0x05050000, 0x050b5ce0, 0x050d0000)
  to   space 512K,   0% used [0x050d0000, 0x050d0000, 0x05150000)
 tenured generation   total 10944K, used 2706K [0x0a150000, 0x0ac00000, 0x14c00000)
   the space 10944K,  24% used [0x0a150000, 0x0a3f4b80, 0x0a3f4c00, 0x0ac00000)
 Metaspace       used 8558K, capacity 8766K, committed 8832K, reserved 9600K
}

Deoptimization events (0 events):
No events

Classes redefined (0 events):
No events

Internal exceptions (10 events):
Event: 0.312 Thread 0x00ffc800 Exception <a 'java/lang/ClassNotFoundException': ToolBar> (0x04eafd28) thrown at [C:\workspace\8-2-build-windows-i586-cygwin\jdk8u181\11358\hotspot\src\share\vm\classfile\systemDictionary.cpp, line 210]
Event: 0.312 Thread 0x00ffc800 Exception <a 'java/lang/ClassNotFoundException': ToggleButton> (0x04eb0270) thrown at [C:\workspace\8-2-build-windows-i586-cygwin\jdk8u181\11358\hotspot\src\share\vm\classfile\systemDictionary.cpp, line 210]
Event: 0.312 Thread 0x00ffc800 Exception <a 'java/lang/ClassNotFoundException': javax/swing/JToolBarSeparator> (0x04eb0678) thrown at [C:\workspace\8-2-build-windows-i586-cygwin\jdk8u181\11358\hotspot\src\share\vm\classfile\systemDictionary.cpp, line 210]
Event: 0.312 Thread 0x00ffc800 Exception <a 'java/lang/ClassNotFoundException': ToolBarSeparator> (0x04eb0ad0) thrown at [C:\workspace\8-2-build-windows-i586-cygwin\jdk8u181\11358\hotspot\src\share\vm\classfile\systemDictionary.cpp, line 210]
Event: 0.312 Thread 0x00ffc800 Exception <a 'java/lang/ClassNotFoundException': ToolTip> (0x04eb1178) thrown at [C:\workspace\8-2-build-windows-i586-cygwin\jdk8u181\11358\hotspot\src\share\vm\classfile\systemDictionary.cpp, line 210]
Event: 0.313 Thread 0x00ffc800 Exception <a 'java/lang/ClassNotFoundException': Tree> (0x04eb1c60) thrown at [C:\workspace\8-2-build-windows-i586-cygwin\jdk8u181\11358\hotspot\src\share\vm\classfile\systemDictionary.cpp, line 210]
Event: 0.313 Thread 0x00ffc800 Exception <a 'java/lang/ClassNotFoundException': Tree> (0x04eb2300) thrown at [C:\workspace\8-2-build-windows-i586-cygwin\jdk8u181\11358\hotspot\src\share\vm\classfile\systemDictionary.cpp, line 210]
Event: 0.313 Thread 0x00ffc800 Exception <a 'java/lang/ClassNotFoundException': javax/swing/JTreeCell> (0x04eb2638) thrown at [C:\workspace\8-2-build-windows-i586-cygwin\jdk8u181\11358\hotspot\src\share\vm\classfile\systemDictionary.cpp, line 210]
Event: 0.313 Thread 0x00ffc800 Exception <a 'java/lang/ClassNotFoundException': TreeCell> (0x04eb2a80) thrown at [C:\workspace\8-2-build-windows-i586-cygwin\jdk8u181\11358\hotspot\src\share\vm\classfile\systemDictionary.cpp, line 210]
Event: 0.314 Thread 0x00ffc800 Exception <a 'java/lang/ClassNotFoundException': RootPane> (0x04eb33f8) thrown at [C:\workspace\8-2-build-windows-i586-cygwin\jdk8u181\11358\hotspot\src\share\vm\classfile\systemDictionary.cpp, line 210]

Events (10 events):
Event: 11.397 loading class javax/swing/event/UndoableEditListener done
Event: 12.244 Thread 0x1626dc00 Thread added: 0x1626dc00
Event: 12.245 Executing VM operation: RevokeBias
Event: 12.245 Executing VM operation: RevokeBias done
Event: 12.245 Executing VM operation: RevokeBias
Event: 12.245 Executing VM operation: RevokeBias done
Event: 12.250 Thread 0x152a3c00 DEOPT PACKING pc=0x02c2d9b1 sp=0x15b9db50
Event: 12.250 Thread 0x152a3c00 DEOPT UNPACKING pc=0x02b4c5e5 sp=0x15b9da9c mode 3
Event: 12.257 Executing VM operation: RevokeBias
Event: 12.257 Executing VM operation: RevokeBias done


Dynamic libraries:
0x00e90000 - 0x00ec3000 	C:\Program Files (x86)\Java\jdk1.8.0_181\bin\java.exe
0x77d50000 - 0x77ee0000 	C:\WINDOWS\SYSTEM32\ntdll.dll
0x75ba0000 - 0x75c80000 	C:\WINDOWS\System32\KERNEL32.DLL
0x760a0000 - 0x76284000 	C:\WINDOWS\System32\KERNELBASE.dll
0x73df0000 - 0x73e8d000 	C:\WINDOWS\SYSTEM32\apphelp.dll
0x75b10000 - 0x75b88000 	C:\WINDOWS\System32\ADVAPI32.dll
0x77a70000 - 0x77b2f000 	C:\WINDOWS\System32\msvcrt.dll
0x77b50000 - 0x77b94000 	C:\WINDOWS\System32\sechost.dll
0x75ee0000 - 0x75fa0000 	C:\WINDOWS\System32\RPCRT4.dll
0x74610000 - 0x74630000 	C:\WINDOWS\System32\SspiCli.dll
0x74600000 - 0x7460a000 	C:\WINDOWS\System32\CRYPTBASE.dll
0x76620000 - 0x76678000 	C:\WINDOWS\System32\bcryptPrimitives.dll
0x76e70000 - 0x76ffd000 	C:\WINDOWS\System32\USER32.dll
0x77b30000 - 0x77b47000 	C:\WINDOWS\System32\win32u.dll
0x77c30000 - 0x77c52000 	C:\WINDOWS\System32\GDI32.dll
0x764b0000 - 0x76614000 	C:\WINDOWS\System32\gdi32full.dll
0x77ba0000 - 0x77c1d000 	C:\WINDOWS\System32\msvcp_win.dll
0x76cf0000 - 0x76e0e000 	C:\WINDOWS\System32\ucrtbase.dll
0x731e0000 - 0x733e4000 	C:\WINDOWS\WinSxS\x86_microsoft.windows.common-controls_6595b64144ccf1df_6.0.17134.285_none_42efceba44e1907b\COMCTL32.dll
0x77000000 - 0x7725c000 	C:\WINDOWS\System32\combase.dll
0x77260000 - 0x77286000 	C:\WINDOWS\System32\IMM32.DLL
0x73d30000 - 0x73def000 	C:\Program Files (x86)\Java\jdk1.8.0_181\jre\bin\msvcr100.dll
0x6fcc0000 - 0x70093000 	C:\Program Files (x86)\Java\jdk1.8.0_181\jre\bin\client\jvm.dll
0x75b90000 - 0x75b96000 	C:\WINDOWS\System32\PSAPI.DLL
0x72270000 - 0x72294000 	C:\WINDOWS\SYSTEM32\WINMM.dll
0x738c0000 - 0x738c8000 	C:\WINDOWS\SYSTEM32\VERSION.dll
0x73d20000 - 0x73d28000 	C:\WINDOWS\SYSTEM32\WSOCK32.dll
0x76b10000 - 0x76b77000 	C:\WINDOWS\System32\WS2_32.dll
0x72240000 - 0x72263000 	C:\WINDOWS\SYSTEM32\winmmbase.dll
0x77a30000 - 0x77a69000 	C:\WINDOWS\System32\cfgmgr32.dll
0x73d10000 - 0x73d1c000 	C:\Program Files (x86)\Java\jdk1.8.0_181\jre\bin\verify.dll
0x72fc0000 - 0x72fe2000 	C:\Program Files (x86)\Java\jdk1.8.0_181\jre\bin\java.dll
0x73cf0000 - 0x73d04000 	C:\Program Files (x86)\Java\jdk1.8.0_181\jre\bin\zip.dll
0x74630000 - 0x7597a000 	C:\WINDOWS\System32\SHELL32.dll
0x75a80000 - 0x75b08000 	C:\WINDOWS\System32\shcore.dll
0x77470000 - 0x77a2a000 	C:\WINDOWS\System32\windows.storage.dll
0x772b0000 - 0x772f5000 	C:\WINDOWS\System32\shlwapi.dll
0x77c20000 - 0x77c2f000 	C:\WINDOWS\System32\kernel.appcore.dll
0x77290000 - 0x772a8000 	C:\WINDOWS\System32\profapi.dll
0x75980000 - 0x759c5000 	C:\WINDOWS\System32\powrprof.dll
0x75a70000 - 0x75a78000 	C:\WINDOWS\System32\FLTLIB.DLL
0x6fb70000 - 0x6fcb7000 	C:\Program Files (x86)\Java\jdk1.8.0_181\jre\bin\awt.dll
0x759d0000 - 0x75a66000 	C:\WINDOWS\System32\OLEAUT32.dll
0x73800000 - 0x7387c000 	C:\WINDOWS\system32\uxtheme.dll
0x76300000 - 0x76444000 	C:\WINDOWS\System32\MSCTF.dll
0x72a90000 - 0x72ab3000 	C:\WINDOWS\system32\dwmapi.dll
0x75fa0000 - 0x7609c000 	C:\WINDOWS\System32\ole32.dll
0x72f80000 - 0x72fb9000 	C:\Program Files (x86)\Java\jdk1.8.0_181\jre\bin\fontmanager.dll
0x701f0000 - 0x702c9000 	C:\WINDOWS\system32\opengl32.dll
0x72ec0000 - 0x72eff000 	C:\WINDOWS\SYSTEM32\GLU32.dll
0x165c0000 - 0x165e8000 	C:\Users\briam\Documents\GitHub\redes\jars\Jpcap.dll
0x74380000 - 0x743b0000 	C:\WINDOWS\SYSTEM32\iphlpapi.dll
0x165f0000 - 0x1663c000 	C:\WINDOWS\SYSTEM32\wpcap.dll
0x16650000 - 0x16668000 	C:\WINDOWS\SYSTEM32\packet.dll
0x75c80000 - 0x75c87000 	C:\WINDOWS\System32\NSI.dll
0x74050000 - 0x74063000 	C:\WINDOWS\SYSTEM32\dhcpcsvc6.DLL
0x740a0000 - 0x740b4000 	C:\WINDOWS\SYSTEM32\dhcpcsvc.DLL
0x72f60000 - 0x72f75000 	C:\Program Files (x86)\Java\jdk1.8.0_181\jre\bin\net.dll
0x74250000 - 0x742a6000 	C:\WINDOWS\system32\mswsock.dll
0x731b0000 - 0x731bf000 	C:\Program Files (x86)\Java\jdk1.8.0_181\jre\bin\nio.dll
0x72e80000 - 0x72eb2000 	C:\Program Files (x86)\Java\jdk1.8.0_181\jre\bin\t2k.dll
0x72d40000 - 0x72dbd000 	C:\WINDOWS\System32\TextInputFramework.dll
0x707e0000 - 0x70a3d000 	C:\WINDOWS\System32\CoreUIComponents.dll
0x729f0000 - 0x72a7b000 	C:\WINDOWS\System32\CoreMessaging.dll
0x740e0000 - 0x74109000 	C:\WINDOWS\SYSTEM32\ntmarta.dll
0x72910000 - 0x729e6000 	C:\WINDOWS\SYSTEM32\wintypes.dll
0x70390000 - 0x703b4000 	C:\Program Files (x86)\Java\jdk1.8.0_181\jre\bin\dcpr.dll
0x73020000 - 0x731a2000 	C:\WINDOWS\SYSTEM32\dbghelp.dll

VM Arguments:
jvm_args: -Dfile.encoding=UTF-8 -Djava.library.path=C:\Users\briam\Documents\GitHub\redes\jars 
java_command: GUI
java_class_path (initial): C:\Users\briam\Desktop\JPcap\jars\dev-classes_net.ultrametrics-0.03.jar;C:\Users\briam\Desktop\JPcap\jars\fooware_CommandLine-1.0.jar;C:\Users\briam\Desktop\JPcap\jars\javadoc_net.sourceforge.jpcap-0.01.16.jar;C:\Users\briam\Desktop\JPcap\jars\net.sourceforge.jpcap-0.01.16.jar;C:\Users\briam\Desktop\proyecto\build\classes
Launcher Type: SUN_STANDARD

Environment Variables:
PATH=C:\Program Files (x86)\Common Files\Oracle\Java\javapath;C:\WINDOWS\system32;C:\WINDOWS;C:\WINDOWS\System32\Wbem;C:\WINDOWS\System32\WindowsPowerShell\v1.0\;C:\WINDOWS\System32\OpenSSH\;C:\MinGW\bin;C:\Program Files\Git\cmd;C:\Program Files\Git\mingw64\bin;C:\Program Files\Git\usr\bin;C:\Users\briam\AppData\Local\Microsoft\WindowsApps;C:\Program Files (x86)\CodeBlocks\MinGW\bin;C:\Python;C:\Program Files (x86)\Java\jre7\bin
USERNAME=briam
OS=Windows_NT
PROCESSOR_IDENTIFIER=Intel64 Family 6 Model 58 Stepping 9, GenuineIntel



---------------  S Y S T E M  ---------------

OS: Windows 10.0 , 64 bit Build 17134 (10.0.17134.1)

CPU:total 4 (initial active 4) (2 cores per cpu, 2 threads per core) family 6 model 58 stepping 9, cmov, cx8, fxsr, mmx, sse, sse2, sse3, ssse3, sse4.1, sse4.2, popcnt, avx, aes, clmul, erms, ht, tsc, tscinvbit, tscinv

Memory: 4k page, physical 4088092k(990276k free), swap 7364892k(1541996k free)

vm_info: Java HotSpot(TM) Client VM (25.181-b13) for windows-x86 JRE (1.8.0_181-b13), built on Jul  7 2018 03:18:20 by "java_re" with MS VC++ 10.0 (VS2010)

time: Tue Sep 25 01:54:59 2018
elapsed time: 14 seconds (0d 0h 0m 14s)

